[2025-05-25 16:02:14]	link failed !, exit code: 1
   at unify_builder.Program.Main(String[] args_)
---
Error: L6218E: Undefined symbol arm_cos_f32 (referred from chassis.o).
Error: L6218E: Undefined symbol arm_sin_f32 (referred from chassis.o).
Error: L6218E: Undefined symbol arm_mat_add_f32 (referred from power_limit.o).
Error: L6218E: Undefined symbol arm_mat_init_f32 (referred from power_limit.o).
Error: L6218E: Undefined symbol arm_mat_mult_f32 (referred from power_limit.o).
Error: L6218E: Undefined symbol arm_mat_scale_f32 (referred from power_limit.o).
Error: L6218E: Undefined symbol arm_mat_sub_f32 (referred from power_limit.o).
Error: L6218E: Undefined symbol arm_mat_trans_f32 (referred from power_limit.o).
Not enough information to list image symbols.
Finished: 1 information, 0 warning and 8 error messages.


[2025-05-25 16:07:38]	link failed !, exit code: 1
   at unify_builder.Program.Main(String[] args_)
---
Error: L6218E: Undefined symbol arm_cos_f32 (referred from chassis.o).
Error: L6218E: Undefined symbol arm_sin_f32 (referred from chassis.o).
Error: L6218E: Undefined symbol arm_mat_add_f32 (referred from power_limit.o).
Error: L6218E: Undefined symbol arm_mat_init_f32 (referred from power_limit.o).
Error: L6218E: Undefined symbol arm_mat_mult_f32 (referred from power_limit.o).
Error: L6218E: Undefined symbol arm_mat_scale_f32 (referred from power_limit.o).
Error: L6218E: Undefined symbol arm_mat_sub_f32 (referred from power_limit.o).
Error: L6218E: Undefined symbol arm_mat_trans_f32 (referred from power_limit.o).
Not enough information to list image symbols.
Finished: 1 information, 0 warning and 8 error messages.


[2025-05-25 19:41:59]	link failed !, exit code: 1
   at unify_builder.Program.Main(String[] args_)
---
Error: L6218E: Undefined symbol arm_cos_f32 (referred from chassis.o).
Error: L6218E: Undefined symbol arm_sin_f32 (referred from chassis.o).
Error: L6218E: Undefined symbol arm_mat_add_f32 (referred from power_limit.o).
Error: L6218E: Undefined symbol arm_mat_init_f32 (referred from power_limit.o).
Error: L6218E: Undefined symbol arm_mat_mult_f32 (referred from power_limit.o).
Error: L6218E: Undefined symbol arm_mat_scale_f32 (referred from power_limit.o).
Error: L6218E: Undefined symbol arm_mat_sub_f32 (referred from power_limit.o).
Error: L6218E: Undefined symbol arm_mat_trans_f32 (referred from power_limit.o).
Not enough information to list image symbols.
Finished: 1 information, 0 warning and 8 error messages.


[2025-05-25 19:44:14]	[info] incremental build: 68 source files changed
These source files will be recompiled
---
'e:\Mecanum_Chassis\Mecanum_Chassis\FreeRTOS_Infantry_C_Board_Chassis_CPP-main\Core\Src\can.c': compiler options has been changed.
'e:\Mecanum_Chassis\Mecanum_Chassis\FreeRTOS_Infantry_C_Board_Chassis_CPP-main\Core\Src\dma.c': compiler options has been changed.
'e:\Mecanum_Chassis\Mecanum_Chassis\FreeRTOS_Infantry_C_Board_Chassis_CPP-main\Core\Src\freertos.c': compiler options has been changed.
'e:\Mecanum_Chassis\Mecanum_Chassis\FreeRTOS_Infantry_C_Board_Chassis_CPP-main\Core\Src\gpio.c': compiler options has been changed.
'e:\Mecanum_Chassis\Mecanum_Chassis\FreeRTOS_Infantry_C_Board_Chassis_CPP-main\Core\Src\main.c': compiler options has been changed.
'e:\Mecanum_Chassis\Mecanum_Chassis\FreeRTOS_Infantry_C_Board_Chassis_CPP-main\Core\Src\stm32f4xx_hal_msp.c': compiler options has been changed.
'e:\Mecanum_Chassis\Mecanum_Chassis\FreeRTOS_Infantry_C_Board_Chassis_CPP-main\Core\Src\stm32f4xx_hal_timebase_tim.c': compiler options has been changed.
'e:\Mecanum_Chassis\Mecanum_Chassis\FreeRTOS_Infantry_C_Board_Chassis_CPP-main\Core\Src\stm32f4xx_it.c': compiler options has been changed.
'e:\Mecanum_Chassis\Mecanum_Chassis\FreeRTOS_Infantry_C_Board_Chassis_CPP-main\Core\Src\system_stm32f4xx.c': compiler options has been changed.
'e:\Mecanum_Chassis\Mecanum_Chassis\FreeRTOS_Infantry_C_Board_Chassis_CPP-main\Core\Src\tim.c': compiler options has been changed.
'e:\Mecanum_Chassis\Mecanum_Chassis\FreeRTOS_Infantry_C_Board_Chassis_CPP-main\Core\Src\usart.c': compiler options has been changed.
'e:\Mecanum_Chassis\Mecanum_Chassis\FreeRTOS_Infantry_C_Board_Chassis_CPP-main\Drivers\STM32F4xx_HAL_Driver\Src\stm32f4xx_hal.c': compiler options has been changed.
'e:\Mecanum_Chassis\Mecanum_Chassis\FreeRTOS_Infantry_C_Board_Chassis_CPP-main\Drivers\STM32F4xx_HAL_Driver\Src\stm32f4xx_hal_can.c': compiler options has been changed.
'e:\Mecanum_Chassis\Mecanum_Chassis\FreeRTOS_Infantry_C_Board_Chassis_CPP-main\Drivers\STM32F4xx_HAL_Driver\Src\stm32f4xx_hal_cortex.c': compiler options has been changed.
'e:\Mecanum_Chassis\Mecanum_Chassis\FreeRTOS_Infantry_C_Board_Chassis_CPP-main\Drivers\STM32F4xx_HAL_Driver\Src\stm32f4xx_hal_dma.c': compiler options has been changed.
'e:\Mecanum_Chassis\Mecanum_Chassis\FreeRTOS_Infantry_C_Board_Chassis_CPP-main\Drivers\STM32F4xx_HAL_Driver\Src\stm32f4xx_hal_dma_ex.c': compiler options has been changed.
'e:\Mecanum_Chassis\Mecanum_Chassis\FreeRTOS_Infantry_C_Board_Chassis_CPP-main\Drivers\STM32F4xx_HAL_Driver\Src\stm32f4xx_hal_exti.c': compiler options has been changed.
'e:\Mecanum_Chassis\Mecanum_Chassis\FreeRTOS_Infantry_C_Board_Chassis_CPP-main\Drivers\STM32F4xx_HAL_Driver\Src\stm32f4xx_hal_flash.c': compiler options has been changed.
'e:\Mecanum_Chassis\Mecanum_Chassis\FreeRTOS_Infantry_C_Board_Chassis_CPP-main\Drivers\STM32F4xx_HAL_Driver\Src\stm32f4xx_hal_flash_ex.c': compiler options has been changed.
'e:\Mecanum_Chassis\Mecanum_Chassis\FreeRTOS_Infantry_C_Board_Chassis_CPP-main\Drivers\STM32F4xx_HAL_Driver\Src\stm32f4xx_hal_flash_ramfunc.c': compiler options has been changed.
'e:\Mecanum_Chassis\Mecanum_Chassis\FreeRTOS_Infantry_C_Board_Chassis_CPP-main\Drivers\STM32F4xx_HAL_Driver\Src\stm32f4xx_hal_gpio.c': compiler options has been changed.
'e:\Mecanum_Chassis\Mecanum_Chassis\FreeRTOS_Infantry_C_Board_Chassis_CPP-main\Drivers\STM32F4xx_HAL_Driver\Src\stm32f4xx_hal_pwr.c': compiler options has been changed.
'e:\Mecanum_Chassis\Mecanum_Chassis\FreeRTOS_Infantry_C_Board_Chassis_CPP-main\Drivers\STM32F4xx_HAL_Driver\Src\stm32f4xx_hal_pwr_ex.c': compiler options has been changed.
'e:\Mecanum_Chassis\Mecanum_Chassis\FreeRTOS_Infantry_C_Board_Chassis_CPP-main\Drivers\STM32F4xx_HAL_Driver\Src\stm32f4xx_hal_rcc.c': compiler options has been changed.
'e:\Mecanum_Chassis\Mecanum_Chassis\FreeRTOS_Infantry_C_Board_Chassis_CPP-main\Drivers\STM32F4xx_HAL_Driver\Src\stm32f4xx_hal_rcc_ex.c': compiler options has been changed.
'e:\Mecanum_Chassis\Mecanum_Chassis\FreeRTOS_Infantry_C_Board_Chassis_CPP-main\Drivers\STM32F4xx_HAL_Driver\Src\stm32f4xx_hal_tim.c': compiler options has been changed.
'e:\Mecanum_Chassis\Mecanum_Chassis\FreeRTOS_Infantry_C_Board_Chassis_CPP-main\Drivers\STM32F4xx_HAL_Driver\Src\stm32f4xx_hal_tim_ex.c': compiler options has been changed.
'e:\Mecanum_Chassis\Mecanum_Chassis\FreeRTOS_Infantry_C_Board_Chassis_CPP-main\Drivers\STM32F4xx_HAL_Driver\Src\stm32f4xx_hal_uart.c': compiler options has been changed.
'e:\Mecanum_Chassis\Mecanum_Chassis\FreeRTOS_Infantry_C_Board_Chassis_CPP-main\MDK-ARM\UI\RM_RefereeSystem.cpp': compiler options has been changed.
'e:\Mecanum_Chassis\Mecanum_Chassis\FreeRTOS_Infantry_C_Board_Chassis_CPP-main\MDK-ARM\UI\RM_RefereeSystemCRC.cpp': compiler options has been changed.
'e:\Mecanum_Chassis\Mecanum_Chassis\FreeRTOS_Infantry_C_Board_Chassis_CPP-main\MDK-ARM\UI\UI_Queue.cpp': compiler options has been changed.
'e:\Mecanum_Chassis\Mecanum_Chassis\FreeRTOS_Infantry_C_Board_Chassis_CPP-main\MDK-ARM\UI\darw_dynamic.cpp': compiler options has been changed.
'e:\Mecanum_Chassis\Mecanum_Chassis\FreeRTOS_Infantry_C_Board_Chassis_CPP-main\MDK-ARM\UI\darw_static.cpp': compiler options has been changed.
'e:\Mecanum_Chassis\Mecanum_Chassis\FreeRTOS_Infantry_C_Board_Chassis_CPP-main\MDK-ARM\startup_stm32f407xx.s': compiler options has been changed.
'e:\Mecanum_Chassis\Mecanum_Chassis\FreeRTOS_Infantry_C_Board_Chassis_CPP-main\Middlewares\Third_Party\FreeRTOS\Source\CMSIS_RTOS_V2\cmsis_os2.c': compiler options has been changed.
'e:\Mecanum_Chassis\Mecanum_Chassis\FreeRTOS_Infantry_C_Board_Chassis_CPP-main\Middlewares\Third_Party\FreeRTOS\Source\croutine.c': compiler options has been changed.
'e:\Mecanum_Chassis\Mecanum_Chassis\FreeRTOS_Infantry_C_Board_Chassis_CPP-main\Middlewares\Third_Party\FreeRTOS\Source\event_groups.c': compiler options has been changed.
'e:\Mecanum_Chassis\Mecanum_Chassis\FreeRTOS_Infantry_C_Board_Chassis_CPP-main\Middlewares\Third_Party\FreeRTOS\Source\list.c': compiler options has been changed.
'e:\Mecanum_Chassis\Mecanum_Chassis\FreeRTOS_Infantry_C_Board_Chassis_CPP-main\Middlewares\Third_Party\FreeRTOS\Source\portable\MemMang\heap_4.c': compiler options has been changed.
'e:\Mecanum_Chassis\Mecanum_Chassis\FreeRTOS_Infantry_C_Board_Chassis_CPP-main\Middlewares\Third_Party\FreeRTOS\Source\portable\RVDS\ARM_CM4F\port.c': compiler options has been changed.
'e:\Mecanum_Chassis\Mecanum_Chassis\FreeRTOS_Infantry_C_Board_Chassis_CPP-main\Middlewares\Third_Party\FreeRTOS\Source\queue.c': compiler options has been changed.
'e:\Mecanum_Chassis\Mecanum_Chassis\FreeRTOS_Infantry_C_Board_Chassis_CPP-main\Middlewares\Third_Party\FreeRTOS\Source\stream_buffer.c': compiler options has been changed.
'e:\Mecanum_Chassis\Mecanum_Chassis\FreeRTOS_Infantry_C_Board_Chassis_CPP-main\Middlewares\Third_Party\FreeRTOS\Source\tasks.c': compiler options has been changed.
'e:\Mecanum_Chassis\Mecanum_Chassis\FreeRTOS_Infantry_C_Board_Chassis_CPP-main\Middlewares\Third_Party\FreeRTOS\Source\timers.c': compiler options has been changed.
'e:\Mecanum_Chassis\Mecanum_Chassis\FreeRTOS_Infantry_C_Board_Chassis_CPP-main\User\Task\capacity_task.cpp': compiler options has been changed.
'e:\Mecanum_Chassis\Mecanum_Chassis\FreeRTOS_Infantry_C_Board_Chassis_CPP-main\User\Task\chassis.cpp': compiler options has been changed.
'e:\Mecanum_Chassis\Mecanum_Chassis\FreeRTOS_Infantry_C_Board_Chassis_CPP-main\User\Task\communication_task.cpp': compiler options has been changed.
'e:\Mecanum_Chassis\Mecanum_Chassis\FreeRTOS_Infantry_C_Board_Chassis_CPP-main\User\Task\error_handle_task.cpp': compiler options has been changed.
'e:\Mecanum_Chassis\Mecanum_Chassis\FreeRTOS_Infantry_C_Board_Chassis_CPP-main\User\Task\referee_detect_task.cpp': compiler options has been changed.
'e:\Mecanum_Chassis\Mecanum_Chassis\FreeRTOS_Infantry_C_Board_Chassis_CPP-main\User\call_back.cpp': compiler options has been changed.
'e:\Mecanum_Chassis\Mecanum_Chassis\FreeRTOS_Infantry_C_Board_Chassis_CPP-main\User\can.cpp': compiler options has been changed.
'e:\Mecanum_Chassis\Mecanum_Chassis\FreeRTOS_Infantry_C_Board_Chassis_CPP-main\User\capacity.cpp': compiler options has been changed.
'e:\Mecanum_Chassis\Mecanum_Chassis\FreeRTOS_Infantry_C_Board_Chassis_CPP-main\User\clamp.cpp': compiler options has been changed.
'e:\Mecanum_Chassis\Mecanum_Chassis\FreeRTOS_Infantry_C_Board_Chassis_CPP-main\User\communication.cpp': compiler options has been changed.
'e:\Mecanum_Chassis\Mecanum_Chassis\FreeRTOS_Infantry_C_Board_Chassis_CPP-main\User\crc.cpp': compiler options has been changed.
'e:\Mecanum_Chassis\Mecanum_Chassis\FreeRTOS_Infantry_C_Board_Chassis_CPP-main\User\dji_motor.cpp': compiler options has been changed.
'e:\Mecanum_Chassis\Mecanum_Chassis\FreeRTOS_Infantry_C_Board_Chassis_CPP-main\User\dr16.cpp': compiler options has been changed.
'e:\Mecanum_Chassis\Mecanum_Chassis\FreeRTOS_Infantry_C_Board_Chassis_CPP-main\User\error_handle.cpp': compiler options has been changed.
'e:\Mecanum_Chassis\Mecanum_Chassis\FreeRTOS_Infantry_C_Board_Chassis_CPP-main\User\init.cpp': compiler options has been changed.
'e:\Mecanum_Chassis\Mecanum_Chassis\FreeRTOS_Infantry_C_Board_Chassis_CPP-main\User\pid.cpp': compiler options has been changed.
'e:\Mecanum_Chassis\Mecanum_Chassis\FreeRTOS_Infantry_C_Board_Chassis_CPP-main\User\power_limit.cpp': compiler options has been changed.
'e:\Mecanum_Chassis\Mecanum_Chassis\FreeRTOS_Infantry_C_Board_Chassis_CPP-main\User\referee.cpp': compiler options has been changed.
'e:\Mecanum_Chassis\Mecanum_Chassis\FreeRTOS_Infantry_C_Board_Chassis_CPP-main\User\simple_math.cpp': compiler options has been changed.
'e:\Mecanum_Chassis\Mecanum_Chassis\FreeRTOS_Infantry_C_Board_Chassis_CPP-main\User\state_machine.cpp': compiler options has been changed.
'e:\Mecanum_Chassis\Mecanum_Chassis\FreeRTOS_Infantry_C_Board_Chassis_CPP-main\User\tracking_differentiator.cpp': compiler options has been changed.
'e:\Mecanum_Chassis\Mecanum_Chassis\FreeRTOS_Infantry_C_Board_Chassis_CPP-main\User\uart.cpp': compiler options has been changed.
'e:\Mecanum_Chassis\Mecanum_Chassis\FreeRTOS_Infantry_C_Board_Chassis_CPP-main\User\ui.cpp': compiler options has been changed.
'e:\Mecanum_Chassis\Mecanum_Chassis\FreeRTOS_Infantry_C_Board_Chassis_CPP-main\User\variables.cpp': compiler options has been changed.

[2025-05-25 19:44:16]	link failed !, exit code: 1
   at unify_builder.Program.Main(String[] args_)
---
Error: L6218E: Undefined symbol arm_cos_f32 (referred from chassis.o).
Error: L6218E: Undefined symbol arm_sin_f32 (referred from chassis.o).
Error: L6218E: Undefined symbol arm_mat_add_f32 (referred from power_limit.o).
Error: L6218E: Undefined symbol arm_mat_init_f32 (referred from power_limit.o).
Error: L6218E: Undefined symbol arm_mat_mult_f32 (referred from power_limit.o).
Error: L6218E: Undefined symbol arm_mat_scale_f32 (referred from power_limit.o).
Error: L6218E: Undefined symbol arm_mat_sub_f32 (referred from power_limit.o).
Error: L6218E: Undefined symbol arm_mat_trans_f32 (referred from power_limit.o).
Not enough information to list image symbols.
Finished: 1 information, 0 warning and 8 error messages.


[2025-05-25 19:48:58]	[info] incremental build: 68 source files changed
These source files will be recompiled
---
'e:\Mecanum_Chassis\Mecanum_Chassis\FreeRTOS_Infantry_C_Board_Chassis_CPP-main\Core\Src\can.c': compiler options has been changed.
'e:\Mecanum_Chassis\Mecanum_Chassis\FreeRTOS_Infantry_C_Board_Chassis_CPP-main\Core\Src\dma.c': compiler options has been changed.
'e:\Mecanum_Chassis\Mecanum_Chassis\FreeRTOS_Infantry_C_Board_Chassis_CPP-main\Core\Src\freertos.c': compiler options has been changed.
'e:\Mecanum_Chassis\Mecanum_Chassis\FreeRTOS_Infantry_C_Board_Chassis_CPP-main\Core\Src\gpio.c': compiler options has been changed.
'e:\Mecanum_Chassis\Mecanum_Chassis\FreeRTOS_Infantry_C_Board_Chassis_CPP-main\Core\Src\main.c': compiler options has been changed.
'e:\Mecanum_Chassis\Mecanum_Chassis\FreeRTOS_Infantry_C_Board_Chassis_CPP-main\Core\Src\stm32f4xx_hal_msp.c': compiler options has been changed.
'e:\Mecanum_Chassis\Mecanum_Chassis\FreeRTOS_Infantry_C_Board_Chassis_CPP-main\Core\Src\stm32f4xx_hal_timebase_tim.c': compiler options has been changed.
'e:\Mecanum_Chassis\Mecanum_Chassis\FreeRTOS_Infantry_C_Board_Chassis_CPP-main\Core\Src\stm32f4xx_it.c': compiler options has been changed.
'e:\Mecanum_Chassis\Mecanum_Chassis\FreeRTOS_Infantry_C_Board_Chassis_CPP-main\Core\Src\system_stm32f4xx.c': compiler options has been changed.
'e:\Mecanum_Chassis\Mecanum_Chassis\FreeRTOS_Infantry_C_Board_Chassis_CPP-main\Core\Src\tim.c': compiler options has been changed.
'e:\Mecanum_Chassis\Mecanum_Chassis\FreeRTOS_Infantry_C_Board_Chassis_CPP-main\Core\Src\usart.c': compiler options has been changed.
'e:\Mecanum_Chassis\Mecanum_Chassis\FreeRTOS_Infantry_C_Board_Chassis_CPP-main\Drivers\STM32F4xx_HAL_Driver\Src\stm32f4xx_hal.c': compiler options has been changed.
'e:\Mecanum_Chassis\Mecanum_Chassis\FreeRTOS_Infantry_C_Board_Chassis_CPP-main\Drivers\STM32F4xx_HAL_Driver\Src\stm32f4xx_hal_can.c': compiler options has been changed.
'e:\Mecanum_Chassis\Mecanum_Chassis\FreeRTOS_Infantry_C_Board_Chassis_CPP-main\Drivers\STM32F4xx_HAL_Driver\Src\stm32f4xx_hal_cortex.c': compiler options has been changed.
'e:\Mecanum_Chassis\Mecanum_Chassis\FreeRTOS_Infantry_C_Board_Chassis_CPP-main\Drivers\STM32F4xx_HAL_Driver\Src\stm32f4xx_hal_dma.c': compiler options has been changed.
'e:\Mecanum_Chassis\Mecanum_Chassis\FreeRTOS_Infantry_C_Board_Chassis_CPP-main\Drivers\STM32F4xx_HAL_Driver\Src\stm32f4xx_hal_dma_ex.c': compiler options has been changed.
'e:\Mecanum_Chassis\Mecanum_Chassis\FreeRTOS_Infantry_C_Board_Chassis_CPP-main\Drivers\STM32F4xx_HAL_Driver\Src\stm32f4xx_hal_exti.c': compiler options has been changed.
'e:\Mecanum_Chassis\Mecanum_Chassis\FreeRTOS_Infantry_C_Board_Chassis_CPP-main\Drivers\STM32F4xx_HAL_Driver\Src\stm32f4xx_hal_flash.c': compiler options has been changed.
'e:\Mecanum_Chassis\Mecanum_Chassis\FreeRTOS_Infantry_C_Board_Chassis_CPP-main\Drivers\STM32F4xx_HAL_Driver\Src\stm32f4xx_hal_flash_ex.c': compiler options has been changed.
'e:\Mecanum_Chassis\Mecanum_Chassis\FreeRTOS_Infantry_C_Board_Chassis_CPP-main\Drivers\STM32F4xx_HAL_Driver\Src\stm32f4xx_hal_flash_ramfunc.c': compiler options has been changed.
'e:\Mecanum_Chassis\Mecanum_Chassis\FreeRTOS_Infantry_C_Board_Chassis_CPP-main\Drivers\STM32F4xx_HAL_Driver\Src\stm32f4xx_hal_gpio.c': compiler options has been changed.
'e:\Mecanum_Chassis\Mecanum_Chassis\FreeRTOS_Infantry_C_Board_Chassis_CPP-main\Drivers\STM32F4xx_HAL_Driver\Src\stm32f4xx_hal_pwr.c': compiler options has been changed.
'e:\Mecanum_Chassis\Mecanum_Chassis\FreeRTOS_Infantry_C_Board_Chassis_CPP-main\Drivers\STM32F4xx_HAL_Driver\Src\stm32f4xx_hal_pwr_ex.c': compiler options has been changed.
'e:\Mecanum_Chassis\Mecanum_Chassis\FreeRTOS_Infantry_C_Board_Chassis_CPP-main\Drivers\STM32F4xx_HAL_Driver\Src\stm32f4xx_hal_rcc.c': compiler options has been changed.
'e:\Mecanum_Chassis\Mecanum_Chassis\FreeRTOS_Infantry_C_Board_Chassis_CPP-main\Drivers\STM32F4xx_HAL_Driver\Src\stm32f4xx_hal_rcc_ex.c': compiler options has been changed.
'e:\Mecanum_Chassis\Mecanum_Chassis\FreeRTOS_Infantry_C_Board_Chassis_CPP-main\Drivers\STM32F4xx_HAL_Driver\Src\stm32f4xx_hal_tim.c': compiler options has been changed.
'e:\Mecanum_Chassis\Mecanum_Chassis\FreeRTOS_Infantry_C_Board_Chassis_CPP-main\Drivers\STM32F4xx_HAL_Driver\Src\stm32f4xx_hal_tim_ex.c': compiler options has been changed.
'e:\Mecanum_Chassis\Mecanum_Chassis\FreeRTOS_Infantry_C_Board_Chassis_CPP-main\Drivers\STM32F4xx_HAL_Driver\Src\stm32f4xx_hal_uart.c': compiler options has been changed.
'e:\Mecanum_Chassis\Mecanum_Chassis\FreeRTOS_Infantry_C_Board_Chassis_CPP-main\MDK-ARM\UI\RM_RefereeSystem.cpp': compiler options has been changed.
'e:\Mecanum_Chassis\Mecanum_Chassis\FreeRTOS_Infantry_C_Board_Chassis_CPP-main\MDK-ARM\UI\RM_RefereeSystemCRC.cpp': compiler options has been changed.
'e:\Mecanum_Chassis\Mecanum_Chassis\FreeRTOS_Infantry_C_Board_Chassis_CPP-main\MDK-ARM\UI\UI_Queue.cpp': compiler options has been changed.
'e:\Mecanum_Chassis\Mecanum_Chassis\FreeRTOS_Infantry_C_Board_Chassis_CPP-main\MDK-ARM\UI\darw_dynamic.cpp': compiler options has been changed.
'e:\Mecanum_Chassis\Mecanum_Chassis\FreeRTOS_Infantry_C_Board_Chassis_CPP-main\MDK-ARM\UI\darw_static.cpp': compiler options has been changed.
'e:\Mecanum_Chassis\Mecanum_Chassis\FreeRTOS_Infantry_C_Board_Chassis_CPP-main\MDK-ARM\startup_stm32f407xx.s': compiler options has been changed.
'e:\Mecanum_Chassis\Mecanum_Chassis\FreeRTOS_Infantry_C_Board_Chassis_CPP-main\Middlewares\Third_Party\FreeRTOS\Source\CMSIS_RTOS_V2\cmsis_os2.c': compiler options has been changed.
'e:\Mecanum_Chassis\Mecanum_Chassis\FreeRTOS_Infantry_C_Board_Chassis_CPP-main\Middlewares\Third_Party\FreeRTOS\Source\croutine.c': compiler options has been changed.
'e:\Mecanum_Chassis\Mecanum_Chassis\FreeRTOS_Infantry_C_Board_Chassis_CPP-main\Middlewares\Third_Party\FreeRTOS\Source\event_groups.c': compiler options has been changed.
'e:\Mecanum_Chassis\Mecanum_Chassis\FreeRTOS_Infantry_C_Board_Chassis_CPP-main\Middlewares\Third_Party\FreeRTOS\Source\list.c': compiler options has been changed.
'e:\Mecanum_Chassis\Mecanum_Chassis\FreeRTOS_Infantry_C_Board_Chassis_CPP-main\Middlewares\Third_Party\FreeRTOS\Source\portable\MemMang\heap_4.c': compiler options has been changed.
'e:\Mecanum_Chassis\Mecanum_Chassis\FreeRTOS_Infantry_C_Board_Chassis_CPP-main\Middlewares\Third_Party\FreeRTOS\Source\portable\RVDS\ARM_CM4F\port.c': compiler options has been changed.
'e:\Mecanum_Chassis\Mecanum_Chassis\FreeRTOS_Infantry_C_Board_Chassis_CPP-main\Middlewares\Third_Party\FreeRTOS\Source\queue.c': compiler options has been changed.
'e:\Mecanum_Chassis\Mecanum_Chassis\FreeRTOS_Infantry_C_Board_Chassis_CPP-main\Middlewares\Third_Party\FreeRTOS\Source\stream_buffer.c': compiler options has been changed.
'e:\Mecanum_Chassis\Mecanum_Chassis\FreeRTOS_Infantry_C_Board_Chassis_CPP-main\Middlewares\Third_Party\FreeRTOS\Source\tasks.c': compiler options has been changed.
'e:\Mecanum_Chassis\Mecanum_Chassis\FreeRTOS_Infantry_C_Board_Chassis_CPP-main\Middlewares\Third_Party\FreeRTOS\Source\timers.c': compiler options has been changed.
'e:\Mecanum_Chassis\Mecanum_Chassis\FreeRTOS_Infantry_C_Board_Chassis_CPP-main\User\Task\capacity_task.cpp': compiler options has been changed.
'e:\Mecanum_Chassis\Mecanum_Chassis\FreeRTOS_Infantry_C_Board_Chassis_CPP-main\User\Task\chassis.cpp': compiler options has been changed.
'e:\Mecanum_Chassis\Mecanum_Chassis\FreeRTOS_Infantry_C_Board_Chassis_CPP-main\User\Task\communication_task.cpp': compiler options has been changed.
'e:\Mecanum_Chassis\Mecanum_Chassis\FreeRTOS_Infantry_C_Board_Chassis_CPP-main\User\Task\error_handle_task.cpp': compiler options has been changed.
'e:\Mecanum_Chassis\Mecanum_Chassis\FreeRTOS_Infantry_C_Board_Chassis_CPP-main\User\Task\referee_detect_task.cpp': compiler options has been changed.
'e:\Mecanum_Chassis\Mecanum_Chassis\FreeRTOS_Infantry_C_Board_Chassis_CPP-main\User\call_back.cpp': compiler options has been changed.
'e:\Mecanum_Chassis\Mecanum_Chassis\FreeRTOS_Infantry_C_Board_Chassis_CPP-main\User\can.cpp': compiler options has been changed.
'e:\Mecanum_Chassis\Mecanum_Chassis\FreeRTOS_Infantry_C_Board_Chassis_CPP-main\User\capacity.cpp': compiler options has been changed.
'e:\Mecanum_Chassis\Mecanum_Chassis\FreeRTOS_Infantry_C_Board_Chassis_CPP-main\User\clamp.cpp': compiler options has been changed.
'e:\Mecanum_Chassis\Mecanum_Chassis\FreeRTOS_Infantry_C_Board_Chassis_CPP-main\User\communication.cpp': compiler options has been changed.
'e:\Mecanum_Chassis\Mecanum_Chassis\FreeRTOS_Infantry_C_Board_Chassis_CPP-main\User\crc.cpp': compiler options has been changed.
'e:\Mecanum_Chassis\Mecanum_Chassis\FreeRTOS_Infantry_C_Board_Chassis_CPP-main\User\dji_motor.cpp': compiler options has been changed.
'e:\Mecanum_Chassis\Mecanum_Chassis\FreeRTOS_Infantry_C_Board_Chassis_CPP-main\User\dr16.cpp': compiler options has been changed.
'e:\Mecanum_Chassis\Mecanum_Chassis\FreeRTOS_Infantry_C_Board_Chassis_CPP-main\User\error_handle.cpp': compiler options has been changed.
'e:\Mecanum_Chassis\Mecanum_Chassis\FreeRTOS_Infantry_C_Board_Chassis_CPP-main\User\init.cpp': compiler options has been changed.
'e:\Mecanum_Chassis\Mecanum_Chassis\FreeRTOS_Infantry_C_Board_Chassis_CPP-main\User\pid.cpp': compiler options has been changed.
'e:\Mecanum_Chassis\Mecanum_Chassis\FreeRTOS_Infantry_C_Board_Chassis_CPP-main\User\power_limit.cpp': compiler options has been changed.
'e:\Mecanum_Chassis\Mecanum_Chassis\FreeRTOS_Infantry_C_Board_Chassis_CPP-main\User\referee.cpp': compiler options has been changed.
'e:\Mecanum_Chassis\Mecanum_Chassis\FreeRTOS_Infantry_C_Board_Chassis_CPP-main\User\simple_math.cpp': compiler options has been changed.
'e:\Mecanum_Chassis\Mecanum_Chassis\FreeRTOS_Infantry_C_Board_Chassis_CPP-main\User\state_machine.cpp': compiler options has been changed.
'e:\Mecanum_Chassis\Mecanum_Chassis\FreeRTOS_Infantry_C_Board_Chassis_CPP-main\User\tracking_differentiator.cpp': compiler options has been changed.
'e:\Mecanum_Chassis\Mecanum_Chassis\FreeRTOS_Infantry_C_Board_Chassis_CPP-main\User\uart.cpp': compiler options has been changed.
'e:\Mecanum_Chassis\Mecanum_Chassis\FreeRTOS_Infantry_C_Board_Chassis_CPP-main\User\ui.cpp': compiler options has been changed.
'e:\Mecanum_Chassis\Mecanum_Chassis\FreeRTOS_Infantry_C_Board_Chassis_CPP-main\User\variables.cpp': compiler options has been changed.

[2025-05-25 19:48:59]	compilation failed at : "e:\Mecanum_Chassis\Mecanum_Chassis\FreeRTOS_Infantry_C_Board_Chassis_CPP-main\MDK-ARM\UI\darw_dynamic.cpp", exit code: 1
command: 
  "F:\keil\ARM\ARMCLANG\bin\armclang.exe" --target=arm-arm-none-eabi -c -xc++ -std=c++17 -I. -ICore/Inc -IDrivers/STM32F4xx_HAL_Driver/Inc -IDrivers/STM32F4xx_HAL_Driver/Inc/Legacy -IMiddlewares/Third_Party/FreeRTOS/Source/include -IMiddlewares/Third_Party/FreeRTOS/Source/CMSIS_RTOS_V2 -IMiddlewares/Third_Party/FreeRTOS/Source/portable/RVDS/ARM_CM4F -IDrivers/CMSIS/Device/ST/STM32F4xx/Include -IDrivers/CMSIS/Include -IUser -I../../../AppData/Local/Keil_v5/ARM/ARMCLANG/include -I../../../AppData/Local/Arm/Packs/ARM/CMSIS-DSP/1.15.0/Include -IUser/UI/Static -IUser/UI/Dynamic -IUser/Task -IUtils -IMDK-ARM/UI -IAPP -I.cmsis/include -IMDK-ARM/RTE/_FreeRTOS_Infantry_C_Board_Chassis_CPP -DUSE_HAL_DRIVER -DSTM32F407xx -mfloat-abi=hard -mfpu=fpv4-sp-d16 -mcpu=cortex-m4 -mlittle-endian -O0 -ffunction-sections -funsigned-char -fshort-enums -fshort-wchar -fno-rtti -Wno-packed -Wno-missing-variable-declarations -Wno-missing-prototypes -Wno-missing-noreturn -Wno-sign-conversion -Wno-nonportable-include-path -Wno-reserved-id-macro -Wno-unused-macros -Wno-documentation-unknown-command -Wno-documentation -Wno-license-management -Wno-parentheses-equality -g -o ./build/FreeRTOS_Infantry_C_Board_Chassis_CPP/.obj/MDK-ARM/UI/darw_dynamic.o -MMD ./MDK-ARM/UI/darw_dynamic.cpp
   at unify_builder.Program.compileByMulThread(Int32 thrNum, CmdInfo[] cmds_, List`1 errLogs)
   at unify_builder.Program.Main(String[] args_)
---
In file included from ./MDK-ARM/UI/darw_dynamic.cpp:4:
In file included from User\power_limit.hpp:2:
In file included from Utils\RLS.hpp:2:
Utils/Matrix.hpp:13:10: fatal error: 'arm_math.h' file not found
#include "arm_math.h"
         ^~~~~~~~~~~~
1 error generated.

[2025-05-25 19:50:05]	[info] incremental build: 68 source files changed
These source files will be recompiled
---
'e:\Mecanum_Chassis\Mecanum_Chassis\FreeRTOS_Infantry_C_Board_Chassis_CPP-main\Core\Src\can.c': compiler options has been changed.
'e:\Mecanum_Chassis\Mecanum_Chassis\FreeRTOS_Infantry_C_Board_Chassis_CPP-main\Core\Src\dma.c': compiler options has been changed.
'e:\Mecanum_Chassis\Mecanum_Chassis\FreeRTOS_Infantry_C_Board_Chassis_CPP-main\Core\Src\freertos.c': compiler options has been changed.
'e:\Mecanum_Chassis\Mecanum_Chassis\FreeRTOS_Infantry_C_Board_Chassis_CPP-main\Core\Src\gpio.c': compiler options has been changed.
'e:\Mecanum_Chassis\Mecanum_Chassis\FreeRTOS_Infantry_C_Board_Chassis_CPP-main\Core\Src\main.c': compiler options has been changed.
'e:\Mecanum_Chassis\Mecanum_Chassis\FreeRTOS_Infantry_C_Board_Chassis_CPP-main\Core\Src\stm32f4xx_hal_msp.c': compiler options has been changed.
'e:\Mecanum_Chassis\Mecanum_Chassis\FreeRTOS_Infantry_C_Board_Chassis_CPP-main\Core\Src\stm32f4xx_hal_timebase_tim.c': compiler options has been changed.
'e:\Mecanum_Chassis\Mecanum_Chassis\FreeRTOS_Infantry_C_Board_Chassis_CPP-main\Core\Src\stm32f4xx_it.c': compiler options has been changed.
'e:\Mecanum_Chassis\Mecanum_Chassis\FreeRTOS_Infantry_C_Board_Chassis_CPP-main\Core\Src\system_stm32f4xx.c': compiler options has been changed.
'e:\Mecanum_Chassis\Mecanum_Chassis\FreeRTOS_Infantry_C_Board_Chassis_CPP-main\Core\Src\tim.c': compiler options has been changed.
'e:\Mecanum_Chassis\Mecanum_Chassis\FreeRTOS_Infantry_C_Board_Chassis_CPP-main\Core\Src\usart.c': compiler options has been changed.
'e:\Mecanum_Chassis\Mecanum_Chassis\FreeRTOS_Infantry_C_Board_Chassis_CPP-main\Drivers\STM32F4xx_HAL_Driver\Src\stm32f4xx_hal.c': compiler options has been changed.
'e:\Mecanum_Chassis\Mecanum_Chassis\FreeRTOS_Infantry_C_Board_Chassis_CPP-main\Drivers\STM32F4xx_HAL_Driver\Src\stm32f4xx_hal_can.c': compiler options has been changed.
'e:\Mecanum_Chassis\Mecanum_Chassis\FreeRTOS_Infantry_C_Board_Chassis_CPP-main\Drivers\STM32F4xx_HAL_Driver\Src\stm32f4xx_hal_cortex.c': compiler options has been changed.
'e:\Mecanum_Chassis\Mecanum_Chassis\FreeRTOS_Infantry_C_Board_Chassis_CPP-main\Drivers\STM32F4xx_HAL_Driver\Src\stm32f4xx_hal_dma.c': compiler options has been changed.
'e:\Mecanum_Chassis\Mecanum_Chassis\FreeRTOS_Infantry_C_Board_Chassis_CPP-main\Drivers\STM32F4xx_HAL_Driver\Src\stm32f4xx_hal_dma_ex.c': compiler options has been changed.
'e:\Mecanum_Chassis\Mecanum_Chassis\FreeRTOS_Infantry_C_Board_Chassis_CPP-main\Drivers\STM32F4xx_HAL_Driver\Src\stm32f4xx_hal_exti.c': compiler options has been changed.
'e:\Mecanum_Chassis\Mecanum_Chassis\FreeRTOS_Infantry_C_Board_Chassis_CPP-main\Drivers\STM32F4xx_HAL_Driver\Src\stm32f4xx_hal_flash.c': compiler options has been changed.
'e:\Mecanum_Chassis\Mecanum_Chassis\FreeRTOS_Infantry_C_Board_Chassis_CPP-main\Drivers\STM32F4xx_HAL_Driver\Src\stm32f4xx_hal_flash_ex.c': compiler options has been changed.
'e:\Mecanum_Chassis\Mecanum_Chassis\FreeRTOS_Infantry_C_Board_Chassis_CPP-main\Drivers\STM32F4xx_HAL_Driver\Src\stm32f4xx_hal_flash_ramfunc.c': compiler options has been changed.
'e:\Mecanum_Chassis\Mecanum_Chassis\FreeRTOS_Infantry_C_Board_Chassis_CPP-main\Drivers\STM32F4xx_HAL_Driver\Src\stm32f4xx_hal_gpio.c': compiler options has been changed.
'e:\Mecanum_Chassis\Mecanum_Chassis\FreeRTOS_Infantry_C_Board_Chassis_CPP-main\Drivers\STM32F4xx_HAL_Driver\Src\stm32f4xx_hal_pwr.c': compiler options has been changed.
'e:\Mecanum_Chassis\Mecanum_Chassis\FreeRTOS_Infantry_C_Board_Chassis_CPP-main\Drivers\STM32F4xx_HAL_Driver\Src\stm32f4xx_hal_pwr_ex.c': compiler options has been changed.
'e:\Mecanum_Chassis\Mecanum_Chassis\FreeRTOS_Infantry_C_Board_Chassis_CPP-main\Drivers\STM32F4xx_HAL_Driver\Src\stm32f4xx_hal_rcc.c': compiler options has been changed.
'e:\Mecanum_Chassis\Mecanum_Chassis\FreeRTOS_Infantry_C_Board_Chassis_CPP-main\Drivers\STM32F4xx_HAL_Driver\Src\stm32f4xx_hal_rcc_ex.c': compiler options has been changed.
'e:\Mecanum_Chassis\Mecanum_Chassis\FreeRTOS_Infantry_C_Board_Chassis_CPP-main\Drivers\STM32F4xx_HAL_Driver\Src\stm32f4xx_hal_tim.c': compiler options has been changed.
'e:\Mecanum_Chassis\Mecanum_Chassis\FreeRTOS_Infantry_C_Board_Chassis_CPP-main\Drivers\STM32F4xx_HAL_Driver\Src\stm32f4xx_hal_tim_ex.c': compiler options has been changed.
'e:\Mecanum_Chassis\Mecanum_Chassis\FreeRTOS_Infantry_C_Board_Chassis_CPP-main\Drivers\STM32F4xx_HAL_Driver\Src\stm32f4xx_hal_uart.c': compiler options has been changed.
'e:\Mecanum_Chassis\Mecanum_Chassis\FreeRTOS_Infantry_C_Board_Chassis_CPP-main\MDK-ARM\UI\RM_RefereeSystem.cpp': compiler options has been changed.
'e:\Mecanum_Chassis\Mecanum_Chassis\FreeRTOS_Infantry_C_Board_Chassis_CPP-main\MDK-ARM\UI\RM_RefereeSystemCRC.cpp': compiler options has been changed.
'e:\Mecanum_Chassis\Mecanum_Chassis\FreeRTOS_Infantry_C_Board_Chassis_CPP-main\MDK-ARM\UI\UI_Queue.cpp': compiler options has been changed.
'e:\Mecanum_Chassis\Mecanum_Chassis\FreeRTOS_Infantry_C_Board_Chassis_CPP-main\MDK-ARM\UI\darw_dynamic.cpp': object (.o) file not exist
'e:\Mecanum_Chassis\Mecanum_Chassis\FreeRTOS_Infantry_C_Board_Chassis_CPP-main\MDK-ARM\UI\darw_static.cpp': compiler options has been changed.
'e:\Mecanum_Chassis\Mecanum_Chassis\FreeRTOS_Infantry_C_Board_Chassis_CPP-main\MDK-ARM\startup_stm32f407xx.s': compiler options has been changed.
'e:\Mecanum_Chassis\Mecanum_Chassis\FreeRTOS_Infantry_C_Board_Chassis_CPP-main\Middlewares\Third_Party\FreeRTOS\Source\CMSIS_RTOS_V2\cmsis_os2.c': compiler options has been changed.
'e:\Mecanum_Chassis\Mecanum_Chassis\FreeRTOS_Infantry_C_Board_Chassis_CPP-main\Middlewares\Third_Party\FreeRTOS\Source\croutine.c': compiler options has been changed.
'e:\Mecanum_Chassis\Mecanum_Chassis\FreeRTOS_Infantry_C_Board_Chassis_CPP-main\Middlewares\Third_Party\FreeRTOS\Source\event_groups.c': compiler options has been changed.
'e:\Mecanum_Chassis\Mecanum_Chassis\FreeRTOS_Infantry_C_Board_Chassis_CPP-main\Middlewares\Third_Party\FreeRTOS\Source\list.c': compiler options has been changed.
'e:\Mecanum_Chassis\Mecanum_Chassis\FreeRTOS_Infantry_C_Board_Chassis_CPP-main\Middlewares\Third_Party\FreeRTOS\Source\portable\MemMang\heap_4.c': compiler options has been changed.
'e:\Mecanum_Chassis\Mecanum_Chassis\FreeRTOS_Infantry_C_Board_Chassis_CPP-main\Middlewares\Third_Party\FreeRTOS\Source\portable\RVDS\ARM_CM4F\port.c': compiler options has been changed.
'e:\Mecanum_Chassis\Mecanum_Chassis\FreeRTOS_Infantry_C_Board_Chassis_CPP-main\Middlewares\Third_Party\FreeRTOS\Source\queue.c': compiler options has been changed.
'e:\Mecanum_Chassis\Mecanum_Chassis\FreeRTOS_Infantry_C_Board_Chassis_CPP-main\Middlewares\Third_Party\FreeRTOS\Source\stream_buffer.c': compiler options has been changed.
'e:\Mecanum_Chassis\Mecanum_Chassis\FreeRTOS_Infantry_C_Board_Chassis_CPP-main\Middlewares\Third_Party\FreeRTOS\Source\tasks.c': compiler options has been changed.
'e:\Mecanum_Chassis\Mecanum_Chassis\FreeRTOS_Infantry_C_Board_Chassis_CPP-main\Middlewares\Third_Party\FreeRTOS\Source\timers.c': compiler options has been changed.
'e:\Mecanum_Chassis\Mecanum_Chassis\FreeRTOS_Infantry_C_Board_Chassis_CPP-main\User\Task\capacity_task.cpp': compiler options has been changed.
'e:\Mecanum_Chassis\Mecanum_Chassis\FreeRTOS_Infantry_C_Board_Chassis_CPP-main\User\Task\chassis.cpp': compiler options has been changed.
'e:\Mecanum_Chassis\Mecanum_Chassis\FreeRTOS_Infantry_C_Board_Chassis_CPP-main\User\Task\communication_task.cpp': compiler options has been changed.
'e:\Mecanum_Chassis\Mecanum_Chassis\FreeRTOS_Infantry_C_Board_Chassis_CPP-main\User\Task\error_handle_task.cpp': compiler options has been changed.
'e:\Mecanum_Chassis\Mecanum_Chassis\FreeRTOS_Infantry_C_Board_Chassis_CPP-main\User\Task\referee_detect_task.cpp': compiler options has been changed.
'e:\Mecanum_Chassis\Mecanum_Chassis\FreeRTOS_Infantry_C_Board_Chassis_CPP-main\User\call_back.cpp': compiler options has been changed.
'e:\Mecanum_Chassis\Mecanum_Chassis\FreeRTOS_Infantry_C_Board_Chassis_CPP-main\User\can.cpp': compiler options has been changed.
'e:\Mecanum_Chassis\Mecanum_Chassis\FreeRTOS_Infantry_C_Board_Chassis_CPP-main\User\capacity.cpp': compiler options has been changed.
'e:\Mecanum_Chassis\Mecanum_Chassis\FreeRTOS_Infantry_C_Board_Chassis_CPP-main\User\clamp.cpp': compiler options has been changed.
'e:\Mecanum_Chassis\Mecanum_Chassis\FreeRTOS_Infantry_C_Board_Chassis_CPP-main\User\communication.cpp': compiler options has been changed.
'e:\Mecanum_Chassis\Mecanum_Chassis\FreeRTOS_Infantry_C_Board_Chassis_CPP-main\User\crc.cpp': compiler options has been changed.
'e:\Mecanum_Chassis\Mecanum_Chassis\FreeRTOS_Infantry_C_Board_Chassis_CPP-main\User\dji_motor.cpp': compiler options has been changed.
'e:\Mecanum_Chassis\Mecanum_Chassis\FreeRTOS_Infantry_C_Board_Chassis_CPP-main\User\dr16.cpp': compiler options has been changed.
'e:\Mecanum_Chassis\Mecanum_Chassis\FreeRTOS_Infantry_C_Board_Chassis_CPP-main\User\error_handle.cpp': compiler options has been changed.
'e:\Mecanum_Chassis\Mecanum_Chassis\FreeRTOS_Infantry_C_Board_Chassis_CPP-main\User\init.cpp': compiler options has been changed.
'e:\Mecanum_Chassis\Mecanum_Chassis\FreeRTOS_Infantry_C_Board_Chassis_CPP-main\User\pid.cpp': compiler options has been changed.
'e:\Mecanum_Chassis\Mecanum_Chassis\FreeRTOS_Infantry_C_Board_Chassis_CPP-main\User\power_limit.cpp': compiler options has been changed.
'e:\Mecanum_Chassis\Mecanum_Chassis\FreeRTOS_Infantry_C_Board_Chassis_CPP-main\User\referee.cpp': compiler options has been changed.
'e:\Mecanum_Chassis\Mecanum_Chassis\FreeRTOS_Infantry_C_Board_Chassis_CPP-main\User\simple_math.cpp': compiler options has been changed.
'e:\Mecanum_Chassis\Mecanum_Chassis\FreeRTOS_Infantry_C_Board_Chassis_CPP-main\User\state_machine.cpp': compiler options has been changed.
'e:\Mecanum_Chassis\Mecanum_Chassis\FreeRTOS_Infantry_C_Board_Chassis_CPP-main\User\tracking_differentiator.cpp': compiler options has been changed.
'e:\Mecanum_Chassis\Mecanum_Chassis\FreeRTOS_Infantry_C_Board_Chassis_CPP-main\User\uart.cpp': compiler options has been changed.
'e:\Mecanum_Chassis\Mecanum_Chassis\FreeRTOS_Infantry_C_Board_Chassis_CPP-main\User\ui.cpp': compiler options has been changed.
'e:\Mecanum_Chassis\Mecanum_Chassis\FreeRTOS_Infantry_C_Board_Chassis_CPP-main\User\variables.cpp': compiler options has been changed.

[2025-05-25 19:50:06]	compilation failed at : "e:\Mecanum_Chassis\Mecanum_Chassis\FreeRTOS_Infantry_C_Board_Chassis_CPP-main\User\Task\chassis.cpp", exit code: 1
command: 
  "F:\keil\ARM\ARMCLANG\bin\armclang.exe" --target=arm-arm-none-eabi -c -xc++ -std=c++17 -I. -ICore/Inc -IDrivers/STM32F4xx_HAL_Driver/Inc -IDrivers/STM32F4xx_HAL_Driver/Inc/Legacy -IMiddlewares/Third_Party/FreeRTOS/Source/include -IMiddlewares/Third_Party/FreeRTOS/Source/CMSIS_RTOS_V2 -IMiddlewares/Third_Party/FreeRTOS/Source/portable/RVDS/ARM_CM4F -IDrivers/CMSIS/Device/ST/STM32F4xx/Include -IDrivers/CMSIS/Include -IUser -I../../../AppData/Local/Keil_v5/ARM/ARMCLANG/include -I../../../AppData/Local/Arm/Packs/ARM/CMSIS-DSP/1.15.0/Include -IUser/UI/Static -IUser/UI/Dynamic -IUser/Task -IUtils -IMDK-ARM/UI -IAPP -I.cmsis/include -IMDK-ARM/RTE/_FreeRTOS_Infantry_C_Board_Chassis_CPP -I"f:/keil  pack/ARM/CMSIS/5.7.0/CMSIS/DSP" -DUSE_HAL_DRIVER -DSTM32F407xx -mfloat-abi=hard -mfpu=fpv4-sp-d16 -mcpu=cortex-m4 -mlittle-endian -O0 -ffunction-sections -funsigned-char -fshort-enums -fshort-wchar -fno-rtti -Wno-packed -Wno-missing-variable-declarations -Wno-missing-prototypes -Wno-missing-noreturn -Wno-sign-conversion -Wno-nonportable-include-path -Wno-reserved-id-macro -Wno-unused-macros -Wno-documentation-unknown-command -Wno-documentation -Wno-license-management -Wno-parentheses-equality -g -o ./build/FreeRTOS_Infantry_C_Board_Chassis_CPP/.obj/User/Task/chassis.o -MMD ./User/Task/chassis.cpp
   at unify_builder.Program.compileByMulThread(Int32 thrNum, CmdInfo[] cmds_, List`1 errLogs)
   at unify_builder.Program.Main(String[] args_)
---
In file included from ./MDK-ARM/UI/darw_dynamic.cpp:4:
In file included from User\power_limit.hpp:2:
In file included from Utils\RLS.hpp:2:
Utils/Matrix.hpp:13:10: fatal error: 'arm_math.h' file not found
#include "arm_math.h"
         ^~~~~~~~~~~~
1 error generated.
./User/Task/chassis.cpp:15:10: fatal error: 'arm_math.h' file not found
#include "arm_math.h"
         ^~~~~~~~~~~~
1 error generated.

[2025-05-25 19:51:54]	[info] incremental build: 68 source files changed
These source files will be recompiled
---
'e:\Mecanum_Chassis\Mecanum_Chassis\FreeRTOS_Infantry_C_Board_Chassis_CPP-main\Core\Src\can.c': compiler options has been changed.
'e:\Mecanum_Chassis\Mecanum_Chassis\FreeRTOS_Infantry_C_Board_Chassis_CPP-main\Core\Src\dma.c': compiler options has been changed.
'e:\Mecanum_Chassis\Mecanum_Chassis\FreeRTOS_Infantry_C_Board_Chassis_CPP-main\Core\Src\freertos.c': compiler options has been changed.
'e:\Mecanum_Chassis\Mecanum_Chassis\FreeRTOS_Infantry_C_Board_Chassis_CPP-main\Core\Src\gpio.c': compiler options has been changed.
'e:\Mecanum_Chassis\Mecanum_Chassis\FreeRTOS_Infantry_C_Board_Chassis_CPP-main\Core\Src\main.c': compiler options has been changed.
'e:\Mecanum_Chassis\Mecanum_Chassis\FreeRTOS_Infantry_C_Board_Chassis_CPP-main\Core\Src\stm32f4xx_hal_msp.c': compiler options has been changed.
'e:\Mecanum_Chassis\Mecanum_Chassis\FreeRTOS_Infantry_C_Board_Chassis_CPP-main\Core\Src\stm32f4xx_hal_timebase_tim.c': compiler options has been changed.
'e:\Mecanum_Chassis\Mecanum_Chassis\FreeRTOS_Infantry_C_Board_Chassis_CPP-main\Core\Src\stm32f4xx_it.c': compiler options has been changed.
'e:\Mecanum_Chassis\Mecanum_Chassis\FreeRTOS_Infantry_C_Board_Chassis_CPP-main\Core\Src\system_stm32f4xx.c': compiler options has been changed.
'e:\Mecanum_Chassis\Mecanum_Chassis\FreeRTOS_Infantry_C_Board_Chassis_CPP-main\Core\Src\tim.c': compiler options has been changed.
'e:\Mecanum_Chassis\Mecanum_Chassis\FreeRTOS_Infantry_C_Board_Chassis_CPP-main\Core\Src\usart.c': compiler options has been changed.
'e:\Mecanum_Chassis\Mecanum_Chassis\FreeRTOS_Infantry_C_Board_Chassis_CPP-main\Drivers\STM32F4xx_HAL_Driver\Src\stm32f4xx_hal.c': compiler options has been changed.
'e:\Mecanum_Chassis\Mecanum_Chassis\FreeRTOS_Infantry_C_Board_Chassis_CPP-main\Drivers\STM32F4xx_HAL_Driver\Src\stm32f4xx_hal_can.c': compiler options has been changed.
'e:\Mecanum_Chassis\Mecanum_Chassis\FreeRTOS_Infantry_C_Board_Chassis_CPP-main\Drivers\STM32F4xx_HAL_Driver\Src\stm32f4xx_hal_cortex.c': compiler options has been changed.
'e:\Mecanum_Chassis\Mecanum_Chassis\FreeRTOS_Infantry_C_Board_Chassis_CPP-main\Drivers\STM32F4xx_HAL_Driver\Src\stm32f4xx_hal_dma.c': compiler options has been changed.
'e:\Mecanum_Chassis\Mecanum_Chassis\FreeRTOS_Infantry_C_Board_Chassis_CPP-main\Drivers\STM32F4xx_HAL_Driver\Src\stm32f4xx_hal_dma_ex.c': compiler options has been changed.
'e:\Mecanum_Chassis\Mecanum_Chassis\FreeRTOS_Infantry_C_Board_Chassis_CPP-main\Drivers\STM32F4xx_HAL_Driver\Src\stm32f4xx_hal_exti.c': compiler options has been changed.
'e:\Mecanum_Chassis\Mecanum_Chassis\FreeRTOS_Infantry_C_Board_Chassis_CPP-main\Drivers\STM32F4xx_HAL_Driver\Src\stm32f4xx_hal_flash.c': compiler options has been changed.
'e:\Mecanum_Chassis\Mecanum_Chassis\FreeRTOS_Infantry_C_Board_Chassis_CPP-main\Drivers\STM32F4xx_HAL_Driver\Src\stm32f4xx_hal_flash_ex.c': compiler options has been changed.
'e:\Mecanum_Chassis\Mecanum_Chassis\FreeRTOS_Infantry_C_Board_Chassis_CPP-main\Drivers\STM32F4xx_HAL_Driver\Src\stm32f4xx_hal_flash_ramfunc.c': compiler options has been changed.
'e:\Mecanum_Chassis\Mecanum_Chassis\FreeRTOS_Infantry_C_Board_Chassis_CPP-main\Drivers\STM32F4xx_HAL_Driver\Src\stm32f4xx_hal_gpio.c': compiler options has been changed.
'e:\Mecanum_Chassis\Mecanum_Chassis\FreeRTOS_Infantry_C_Board_Chassis_CPP-main\Drivers\STM32F4xx_HAL_Driver\Src\stm32f4xx_hal_pwr.c': compiler options has been changed.
'e:\Mecanum_Chassis\Mecanum_Chassis\FreeRTOS_Infantry_C_Board_Chassis_CPP-main\Drivers\STM32F4xx_HAL_Driver\Src\stm32f4xx_hal_pwr_ex.c': compiler options has been changed.
'e:\Mecanum_Chassis\Mecanum_Chassis\FreeRTOS_Infantry_C_Board_Chassis_CPP-main\Drivers\STM32F4xx_HAL_Driver\Src\stm32f4xx_hal_rcc.c': compiler options has been changed.
'e:\Mecanum_Chassis\Mecanum_Chassis\FreeRTOS_Infantry_C_Board_Chassis_CPP-main\Drivers\STM32F4xx_HAL_Driver\Src\stm32f4xx_hal_rcc_ex.c': compiler options has been changed.
'e:\Mecanum_Chassis\Mecanum_Chassis\FreeRTOS_Infantry_C_Board_Chassis_CPP-main\Drivers\STM32F4xx_HAL_Driver\Src\stm32f4xx_hal_tim.c': compiler options has been changed.
'e:\Mecanum_Chassis\Mecanum_Chassis\FreeRTOS_Infantry_C_Board_Chassis_CPP-main\Drivers\STM32F4xx_HAL_Driver\Src\stm32f4xx_hal_tim_ex.c': compiler options has been changed.
'e:\Mecanum_Chassis\Mecanum_Chassis\FreeRTOS_Infantry_C_Board_Chassis_CPP-main\Drivers\STM32F4xx_HAL_Driver\Src\stm32f4xx_hal_uart.c': compiler options has been changed.
'e:\Mecanum_Chassis\Mecanum_Chassis\FreeRTOS_Infantry_C_Board_Chassis_CPP-main\MDK-ARM\UI\RM_RefereeSystem.cpp': compiler options has been changed.
'e:\Mecanum_Chassis\Mecanum_Chassis\FreeRTOS_Infantry_C_Board_Chassis_CPP-main\MDK-ARM\UI\RM_RefereeSystemCRC.cpp': compiler options has been changed.
'e:\Mecanum_Chassis\Mecanum_Chassis\FreeRTOS_Infantry_C_Board_Chassis_CPP-main\MDK-ARM\UI\UI_Queue.cpp': compiler options has been changed.
'e:\Mecanum_Chassis\Mecanum_Chassis\FreeRTOS_Infantry_C_Board_Chassis_CPP-main\MDK-ARM\UI\darw_dynamic.cpp': object (.o) file not exist
'e:\Mecanum_Chassis\Mecanum_Chassis\FreeRTOS_Infantry_C_Board_Chassis_CPP-main\MDK-ARM\UI\darw_static.cpp': compiler options has been changed.
'e:\Mecanum_Chassis\Mecanum_Chassis\FreeRTOS_Infantry_C_Board_Chassis_CPP-main\MDK-ARM\startup_stm32f407xx.s': compiler options has been changed.
'e:\Mecanum_Chassis\Mecanum_Chassis\FreeRTOS_Infantry_C_Board_Chassis_CPP-main\Middlewares\Third_Party\FreeRTOS\Source\CMSIS_RTOS_V2\cmsis_os2.c': compiler options has been changed.
'e:\Mecanum_Chassis\Mecanum_Chassis\FreeRTOS_Infantry_C_Board_Chassis_CPP-main\Middlewares\Third_Party\FreeRTOS\Source\croutine.c': compiler options has been changed.
'e:\Mecanum_Chassis\Mecanum_Chassis\FreeRTOS_Infantry_C_Board_Chassis_CPP-main\Middlewares\Third_Party\FreeRTOS\Source\event_groups.c': compiler options has been changed.
'e:\Mecanum_Chassis\Mecanum_Chassis\FreeRTOS_Infantry_C_Board_Chassis_CPP-main\Middlewares\Third_Party\FreeRTOS\Source\list.c': compiler options has been changed.
'e:\Mecanum_Chassis\Mecanum_Chassis\FreeRTOS_Infantry_C_Board_Chassis_CPP-main\Middlewares\Third_Party\FreeRTOS\Source\portable\MemMang\heap_4.c': compiler options has been changed.
'e:\Mecanum_Chassis\Mecanum_Chassis\FreeRTOS_Infantry_C_Board_Chassis_CPP-main\Middlewares\Third_Party\FreeRTOS\Source\portable\RVDS\ARM_CM4F\port.c': compiler options has been changed.
'e:\Mecanum_Chassis\Mecanum_Chassis\FreeRTOS_Infantry_C_Board_Chassis_CPP-main\Middlewares\Third_Party\FreeRTOS\Source\queue.c': compiler options has been changed.
'e:\Mecanum_Chassis\Mecanum_Chassis\FreeRTOS_Infantry_C_Board_Chassis_CPP-main\Middlewares\Third_Party\FreeRTOS\Source\stream_buffer.c': compiler options has been changed.
'e:\Mecanum_Chassis\Mecanum_Chassis\FreeRTOS_Infantry_C_Board_Chassis_CPP-main\Middlewares\Third_Party\FreeRTOS\Source\tasks.c': compiler options has been changed.
'e:\Mecanum_Chassis\Mecanum_Chassis\FreeRTOS_Infantry_C_Board_Chassis_CPP-main\Middlewares\Third_Party\FreeRTOS\Source\timers.c': compiler options has been changed.
'e:\Mecanum_Chassis\Mecanum_Chassis\FreeRTOS_Infantry_C_Board_Chassis_CPP-main\User\Task\capacity_task.cpp': compiler options has been changed.
'e:\Mecanum_Chassis\Mecanum_Chassis\FreeRTOS_Infantry_C_Board_Chassis_CPP-main\User\Task\chassis.cpp': object (.o) file not exist
'e:\Mecanum_Chassis\Mecanum_Chassis\FreeRTOS_Infantry_C_Board_Chassis_CPP-main\User\Task\communication_task.cpp': compiler options has been changed.
'e:\Mecanum_Chassis\Mecanum_Chassis\FreeRTOS_Infantry_C_Board_Chassis_CPP-main\User\Task\error_handle_task.cpp': compiler options has been changed.
'e:\Mecanum_Chassis\Mecanum_Chassis\FreeRTOS_Infantry_C_Board_Chassis_CPP-main\User\Task\referee_detect_task.cpp': compiler options has been changed.
'e:\Mecanum_Chassis\Mecanum_Chassis\FreeRTOS_Infantry_C_Board_Chassis_CPP-main\User\call_back.cpp': compiler options has been changed.
'e:\Mecanum_Chassis\Mecanum_Chassis\FreeRTOS_Infantry_C_Board_Chassis_CPP-main\User\can.cpp': compiler options has been changed.
'e:\Mecanum_Chassis\Mecanum_Chassis\FreeRTOS_Infantry_C_Board_Chassis_CPP-main\User\capacity.cpp': compiler options has been changed.
'e:\Mecanum_Chassis\Mecanum_Chassis\FreeRTOS_Infantry_C_Board_Chassis_CPP-main\User\clamp.cpp': compiler options has been changed.
'e:\Mecanum_Chassis\Mecanum_Chassis\FreeRTOS_Infantry_C_Board_Chassis_CPP-main\User\communication.cpp': compiler options has been changed.
'e:\Mecanum_Chassis\Mecanum_Chassis\FreeRTOS_Infantry_C_Board_Chassis_CPP-main\User\crc.cpp': compiler options has been changed.
'e:\Mecanum_Chassis\Mecanum_Chassis\FreeRTOS_Infantry_C_Board_Chassis_CPP-main\User\dji_motor.cpp': compiler options has been changed.
'e:\Mecanum_Chassis\Mecanum_Chassis\FreeRTOS_Infantry_C_Board_Chassis_CPP-main\User\dr16.cpp': compiler options has been changed.
'e:\Mecanum_Chassis\Mecanum_Chassis\FreeRTOS_Infantry_C_Board_Chassis_CPP-main\User\error_handle.cpp': compiler options has been changed.
'e:\Mecanum_Chassis\Mecanum_Chassis\FreeRTOS_Infantry_C_Board_Chassis_CPP-main\User\init.cpp': compiler options has been changed.
'e:\Mecanum_Chassis\Mecanum_Chassis\FreeRTOS_Infantry_C_Board_Chassis_CPP-main\User\pid.cpp': compiler options has been changed.
'e:\Mecanum_Chassis\Mecanum_Chassis\FreeRTOS_Infantry_C_Board_Chassis_CPP-main\User\power_limit.cpp': compiler options has been changed.
'e:\Mecanum_Chassis\Mecanum_Chassis\FreeRTOS_Infantry_C_Board_Chassis_CPP-main\User\referee.cpp': compiler options has been changed.
'e:\Mecanum_Chassis\Mecanum_Chassis\FreeRTOS_Infantry_C_Board_Chassis_CPP-main\User\simple_math.cpp': compiler options has been changed.
'e:\Mecanum_Chassis\Mecanum_Chassis\FreeRTOS_Infantry_C_Board_Chassis_CPP-main\User\state_machine.cpp': compiler options has been changed.
'e:\Mecanum_Chassis\Mecanum_Chassis\FreeRTOS_Infantry_C_Board_Chassis_CPP-main\User\tracking_differentiator.cpp': compiler options has been changed.
'e:\Mecanum_Chassis\Mecanum_Chassis\FreeRTOS_Infantry_C_Board_Chassis_CPP-main\User\uart.cpp': compiler options has been changed.
'e:\Mecanum_Chassis\Mecanum_Chassis\FreeRTOS_Infantry_C_Board_Chassis_CPP-main\User\ui.cpp': compiler options has been changed.
'e:\Mecanum_Chassis\Mecanum_Chassis\FreeRTOS_Infantry_C_Board_Chassis_CPP-main\User\variables.cpp': compiler options has been changed.

[2025-05-25 19:51:56]	link failed !, exit code: 1
   at unify_builder.Program.Main(String[] args_)
---
Error: L6218E: Undefined symbol arm_cos_f32 (referred from chassis.o).
Error: L6218E: Undefined symbol arm_sin_f32 (referred from chassis.o).
Error: L6218E: Undefined symbol arm_mat_add_f32 (referred from power_limit.o).
Error: L6218E: Undefined symbol arm_mat_init_f32 (referred from power_limit.o).
Error: L6218E: Undefined symbol arm_mat_mult_f32 (referred from power_limit.o).
Error: L6218E: Undefined symbol arm_mat_scale_f32 (referred from power_limit.o).
Error: L6218E: Undefined symbol arm_mat_sub_f32 (referred from power_limit.o).
Error: L6218E: Undefined symbol arm_mat_trans_f32 (referred from power_limit.o).
Not enough information to list image symbols.
Finished: 1 information, 0 warning and 8 error messages.


[2025-05-25 19:54:06]	link failed !, exit code: 1
   at unify_builder.Program.Main(String[] args_)
---
Error: L6218E: Undefined symbol arm_cos_f32 (referred from chassis.o).
Error: L6218E: Undefined symbol arm_sin_f32 (referred from chassis.o).
Error: L6218E: Undefined symbol arm_mat_add_f32 (referred from power_limit.o).
Error: L6218E: Undefined symbol arm_mat_init_f32 (referred from power_limit.o).
Error: L6218E: Undefined symbol arm_mat_mult_f32 (referred from power_limit.o).
Error: L6218E: Undefined symbol arm_mat_scale_f32 (referred from power_limit.o).
Error: L6218E: Undefined symbol arm_mat_sub_f32 (referred from power_limit.o).
Error: L6218E: Undefined symbol arm_mat_trans_f32 (referred from power_limit.o).
Not enough information to list image symbols.
Finished: 1 information, 0 warning and 8 error messages.


[2025-05-25 20:13:11]	[info] incremental build: 3 source files changed
These source files will be recompiled
---
'e:\Mecanum_Chassis\Mecanum_Chassis\FreeRTOS_Infantry_C_Board_Chassis_CPP-main\Core\Src\freertos.c': source file has been changed.
'e:\Mecanum_Chassis\Mecanum_Chassis\FreeRTOS_Infantry_C_Board_Chassis_CPP-main\Core\Src\usart.c': source file has been changed.
'e:\Mecanum_Chassis\Mecanum_Chassis\FreeRTOS_Infantry_C_Board_Chassis_CPP-main\MDK-ARM\startup_stm32f407xx.s': source file has been changed.

[2025-05-25 20:13:12]	link failed !, exit code: 1
   at unify_builder.Program.Main(String[] args_)
---
Error: L6218E: Undefined symbol RefereeDetectTask (referred from freertos.o).
Error: L6218E: Undefined symbol UITask (referred from freertos.o).
Error: L6218E: Undefined symbol arm_cos_f32 (referred from chassis.o).
Error: L6218E: Undefined symbol arm_sin_f32 (referred from chassis.o).
Error: L6218E: Undefined symbol arm_mat_add_f32 (referred from power_limit.o).
Error: L6218E: Undefined symbol arm_mat_init_f32 (referred from power_limit.o).
Error: L6218E: Undefined symbol arm_mat_mult_f32 (referred from power_limit.o).
Error: L6218E: Undefined symbol arm_mat_scale_f32 (referred from power_limit.o).
Error: L6218E: Undefined symbol arm_mat_sub_f32 (referred from power_limit.o).
Error: L6218E: Undefined symbol arm_mat_trans_f32 (referred from power_limit.o).
Not enough information to list image symbols.
Finished: 1 information, 0 warning and 10 error messages.


[2025-05-25 20:13:49]	link failed !, exit code: 1
   at unify_builder.Program.Main(String[] args_)
---
Error: L6218E: Undefined symbol RefereeDetectTask (referred from freertos.o).
Error: L6218E: Undefined symbol UITask (referred from freertos.o).
Error: L6218E: Undefined symbol arm_cos_f32 (referred from chassis.o).
Error: L6218E: Undefined symbol arm_sin_f32 (referred from chassis.o).
Error: L6218E: Undefined symbol arm_mat_add_f32 (referred from power_limit.o).
Error: L6218E: Undefined symbol arm_mat_init_f32 (referred from power_limit.o).
Error: L6218E: Undefined symbol arm_mat_mult_f32 (referred from power_limit.o).
Error: L6218E: Undefined symbol arm_mat_scale_f32 (referred from power_limit.o).
Error: L6218E: Undefined symbol arm_mat_sub_f32 (referred from power_limit.o).
Error: L6218E: Undefined symbol arm_mat_trans_f32 (referred from power_limit.o).
Not enough information to list image symbols.
Finished: 1 information, 0 warning and 10 error messages.


[2025-05-25 20:16:13]	[info] incremental build: 1 source files changed
These source files will be recompiled
---
'e:\Mecanum_Chassis\Mecanum_Chassis\FreeRTOS_Infantry_C_Board_Chassis_CPP-main\Core\Src\freertos.c': source file has been changed.

[2025-05-25 20:16:13]	link failed !, exit code: 1
   at unify_builder.Program.Main(String[] args_)
---
Error: L6218E: Undefined symbol arm_cos_f32 (referred from chassis.o).
Error: L6218E: Undefined symbol arm_sin_f32 (referred from chassis.o).
Error: L6218E: Undefined symbol arm_mat_add_f32 (referred from power_limit.o).
Error: L6218E: Undefined symbol arm_mat_init_f32 (referred from power_limit.o).
Error: L6218E: Undefined symbol arm_mat_mult_f32 (referred from power_limit.o).
Error: L6218E: Undefined symbol arm_mat_scale_f32 (referred from power_limit.o).
Error: L6218E: Undefined symbol arm_mat_sub_f32 (referred from power_limit.o).
Error: L6218E: Undefined symbol arm_mat_trans_f32 (referred from power_limit.o).
Not enough information to list image symbols.
Finished: 1 information, 0 warning and 8 error messages.


[2025-05-25 20:16:57]	[info] incremental build: 68 source files changed
These source files will be recompiled
---
'e:\Mecanum_Chassis\Mecanum_Chassis\FreeRTOS_Infantry_C_Board_Chassis_CPP-main\Core\Src\can.c': compiler options has been changed.
'e:\Mecanum_Chassis\Mecanum_Chassis\FreeRTOS_Infantry_C_Board_Chassis_CPP-main\Core\Src\dma.c': compiler options has been changed.
'e:\Mecanum_Chassis\Mecanum_Chassis\FreeRTOS_Infantry_C_Board_Chassis_CPP-main\Core\Src\freertos.c': compiler options has been changed.
'e:\Mecanum_Chassis\Mecanum_Chassis\FreeRTOS_Infantry_C_Board_Chassis_CPP-main\Core\Src\gpio.c': compiler options has been changed.
'e:\Mecanum_Chassis\Mecanum_Chassis\FreeRTOS_Infantry_C_Board_Chassis_CPP-main\Core\Src\main.c': compiler options has been changed.
'e:\Mecanum_Chassis\Mecanum_Chassis\FreeRTOS_Infantry_C_Board_Chassis_CPP-main\Core\Src\stm32f4xx_hal_msp.c': compiler options has been changed.
'e:\Mecanum_Chassis\Mecanum_Chassis\FreeRTOS_Infantry_C_Board_Chassis_CPP-main\Core\Src\stm32f4xx_hal_timebase_tim.c': compiler options has been changed.
'e:\Mecanum_Chassis\Mecanum_Chassis\FreeRTOS_Infantry_C_Board_Chassis_CPP-main\Core\Src\stm32f4xx_it.c': compiler options has been changed.
'e:\Mecanum_Chassis\Mecanum_Chassis\FreeRTOS_Infantry_C_Board_Chassis_CPP-main\Core\Src\system_stm32f4xx.c': compiler options has been changed.
'e:\Mecanum_Chassis\Mecanum_Chassis\FreeRTOS_Infantry_C_Board_Chassis_CPP-main\Core\Src\tim.c': compiler options has been changed.
'e:\Mecanum_Chassis\Mecanum_Chassis\FreeRTOS_Infantry_C_Board_Chassis_CPP-main\Core\Src\usart.c': compiler options has been changed.
'e:\Mecanum_Chassis\Mecanum_Chassis\FreeRTOS_Infantry_C_Board_Chassis_CPP-main\Drivers\STM32F4xx_HAL_Driver\Src\stm32f4xx_hal.c': compiler options has been changed.
'e:\Mecanum_Chassis\Mecanum_Chassis\FreeRTOS_Infantry_C_Board_Chassis_CPP-main\Drivers\STM32F4xx_HAL_Driver\Src\stm32f4xx_hal_can.c': compiler options has been changed.
'e:\Mecanum_Chassis\Mecanum_Chassis\FreeRTOS_Infantry_C_Board_Chassis_CPP-main\Drivers\STM32F4xx_HAL_Driver\Src\stm32f4xx_hal_cortex.c': compiler options has been changed.
'e:\Mecanum_Chassis\Mecanum_Chassis\FreeRTOS_Infantry_C_Board_Chassis_CPP-main\Drivers\STM32F4xx_HAL_Driver\Src\stm32f4xx_hal_dma.c': compiler options has been changed.
'e:\Mecanum_Chassis\Mecanum_Chassis\FreeRTOS_Infantry_C_Board_Chassis_CPP-main\Drivers\STM32F4xx_HAL_Driver\Src\stm32f4xx_hal_dma_ex.c': compiler options has been changed.
'e:\Mecanum_Chassis\Mecanum_Chassis\FreeRTOS_Infantry_C_Board_Chassis_CPP-main\Drivers\STM32F4xx_HAL_Driver\Src\stm32f4xx_hal_exti.c': compiler options has been changed.
'e:\Mecanum_Chassis\Mecanum_Chassis\FreeRTOS_Infantry_C_Board_Chassis_CPP-main\Drivers\STM32F4xx_HAL_Driver\Src\stm32f4xx_hal_flash.c': compiler options has been changed.
'e:\Mecanum_Chassis\Mecanum_Chassis\FreeRTOS_Infantry_C_Board_Chassis_CPP-main\Drivers\STM32F4xx_HAL_Driver\Src\stm32f4xx_hal_flash_ex.c': compiler options has been changed.
'e:\Mecanum_Chassis\Mecanum_Chassis\FreeRTOS_Infantry_C_Board_Chassis_CPP-main\Drivers\STM32F4xx_HAL_Driver\Src\stm32f4xx_hal_flash_ramfunc.c': compiler options has been changed.
'e:\Mecanum_Chassis\Mecanum_Chassis\FreeRTOS_Infantry_C_Board_Chassis_CPP-main\Drivers\STM32F4xx_HAL_Driver\Src\stm32f4xx_hal_gpio.c': compiler options has been changed.
'e:\Mecanum_Chassis\Mecanum_Chassis\FreeRTOS_Infantry_C_Board_Chassis_CPP-main\Drivers\STM32F4xx_HAL_Driver\Src\stm32f4xx_hal_pwr.c': compiler options has been changed.
'e:\Mecanum_Chassis\Mecanum_Chassis\FreeRTOS_Infantry_C_Board_Chassis_CPP-main\Drivers\STM32F4xx_HAL_Driver\Src\stm32f4xx_hal_pwr_ex.c': compiler options has been changed.
'e:\Mecanum_Chassis\Mecanum_Chassis\FreeRTOS_Infantry_C_Board_Chassis_CPP-main\Drivers\STM32F4xx_HAL_Driver\Src\stm32f4xx_hal_rcc.c': compiler options has been changed.
'e:\Mecanum_Chassis\Mecanum_Chassis\FreeRTOS_Infantry_C_Board_Chassis_CPP-main\Drivers\STM32F4xx_HAL_Driver\Src\stm32f4xx_hal_rcc_ex.c': compiler options has been changed.
'e:\Mecanum_Chassis\Mecanum_Chassis\FreeRTOS_Infantry_C_Board_Chassis_CPP-main\Drivers\STM32F4xx_HAL_Driver\Src\stm32f4xx_hal_tim.c': compiler options has been changed.
'e:\Mecanum_Chassis\Mecanum_Chassis\FreeRTOS_Infantry_C_Board_Chassis_CPP-main\Drivers\STM32F4xx_HAL_Driver\Src\stm32f4xx_hal_tim_ex.c': compiler options has been changed.
'e:\Mecanum_Chassis\Mecanum_Chassis\FreeRTOS_Infantry_C_Board_Chassis_CPP-main\Drivers\STM32F4xx_HAL_Driver\Src\stm32f4xx_hal_uart.c': compiler options has been changed.
'e:\Mecanum_Chassis\Mecanum_Chassis\FreeRTOS_Infantry_C_Board_Chassis_CPP-main\MDK-ARM\UI\RM_RefereeSystem.cpp': compiler options has been changed.
'e:\Mecanum_Chassis\Mecanum_Chassis\FreeRTOS_Infantry_C_Board_Chassis_CPP-main\MDK-ARM\UI\RM_RefereeSystemCRC.cpp': compiler options has been changed.
'e:\Mecanum_Chassis\Mecanum_Chassis\FreeRTOS_Infantry_C_Board_Chassis_CPP-main\MDK-ARM\UI\UI_Queue.cpp': compiler options has been changed.
'e:\Mecanum_Chassis\Mecanum_Chassis\FreeRTOS_Infantry_C_Board_Chassis_CPP-main\MDK-ARM\UI\darw_dynamic.cpp': compiler options has been changed.
'e:\Mecanum_Chassis\Mecanum_Chassis\FreeRTOS_Infantry_C_Board_Chassis_CPP-main\MDK-ARM\UI\darw_static.cpp': compiler options has been changed.
'e:\Mecanum_Chassis\Mecanum_Chassis\FreeRTOS_Infantry_C_Board_Chassis_CPP-main\MDK-ARM\startup_stm32f407xx.s': compiler options has been changed.
'e:\Mecanum_Chassis\Mecanum_Chassis\FreeRTOS_Infantry_C_Board_Chassis_CPP-main\Middlewares\Third_Party\FreeRTOS\Source\CMSIS_RTOS_V2\cmsis_os2.c': compiler options has been changed.
'e:\Mecanum_Chassis\Mecanum_Chassis\FreeRTOS_Infantry_C_Board_Chassis_CPP-main\Middlewares\Third_Party\FreeRTOS\Source\croutine.c': compiler options has been changed.
'e:\Mecanum_Chassis\Mecanum_Chassis\FreeRTOS_Infantry_C_Board_Chassis_CPP-main\Middlewares\Third_Party\FreeRTOS\Source\event_groups.c': compiler options has been changed.
'e:\Mecanum_Chassis\Mecanum_Chassis\FreeRTOS_Infantry_C_Board_Chassis_CPP-main\Middlewares\Third_Party\FreeRTOS\Source\list.c': compiler options has been changed.
'e:\Mecanum_Chassis\Mecanum_Chassis\FreeRTOS_Infantry_C_Board_Chassis_CPP-main\Middlewares\Third_Party\FreeRTOS\Source\portable\MemMang\heap_4.c': compiler options has been changed.
'e:\Mecanum_Chassis\Mecanum_Chassis\FreeRTOS_Infantry_C_Board_Chassis_CPP-main\Middlewares\Third_Party\FreeRTOS\Source\portable\RVDS\ARM_CM4F\port.c': compiler options has been changed.
'e:\Mecanum_Chassis\Mecanum_Chassis\FreeRTOS_Infantry_C_Board_Chassis_CPP-main\Middlewares\Third_Party\FreeRTOS\Source\queue.c': compiler options has been changed.
'e:\Mecanum_Chassis\Mecanum_Chassis\FreeRTOS_Infantry_C_Board_Chassis_CPP-main\Middlewares\Third_Party\FreeRTOS\Source\stream_buffer.c': compiler options has been changed.
'e:\Mecanum_Chassis\Mecanum_Chassis\FreeRTOS_Infantry_C_Board_Chassis_CPP-main\Middlewares\Third_Party\FreeRTOS\Source\tasks.c': compiler options has been changed.
'e:\Mecanum_Chassis\Mecanum_Chassis\FreeRTOS_Infantry_C_Board_Chassis_CPP-main\Middlewares\Third_Party\FreeRTOS\Source\timers.c': compiler options has been changed.
'e:\Mecanum_Chassis\Mecanum_Chassis\FreeRTOS_Infantry_C_Board_Chassis_CPP-main\User\Task\capacity_task.cpp': compiler options has been changed.
'e:\Mecanum_Chassis\Mecanum_Chassis\FreeRTOS_Infantry_C_Board_Chassis_CPP-main\User\Task\chassis.cpp': compiler options has been changed.
'e:\Mecanum_Chassis\Mecanum_Chassis\FreeRTOS_Infantry_C_Board_Chassis_CPP-main\User\Task\communication_task.cpp': compiler options has been changed.
'e:\Mecanum_Chassis\Mecanum_Chassis\FreeRTOS_Infantry_C_Board_Chassis_CPP-main\User\Task\error_handle_task.cpp': compiler options has been changed.
'e:\Mecanum_Chassis\Mecanum_Chassis\FreeRTOS_Infantry_C_Board_Chassis_CPP-main\User\Task\referee_detect_task.cpp': compiler options has been changed.
'e:\Mecanum_Chassis\Mecanum_Chassis\FreeRTOS_Infantry_C_Board_Chassis_CPP-main\User\call_back.cpp': compiler options has been changed.
'e:\Mecanum_Chassis\Mecanum_Chassis\FreeRTOS_Infantry_C_Board_Chassis_CPP-main\User\can.cpp': compiler options has been changed.
'e:\Mecanum_Chassis\Mecanum_Chassis\FreeRTOS_Infantry_C_Board_Chassis_CPP-main\User\capacity.cpp': compiler options has been changed.
'e:\Mecanum_Chassis\Mecanum_Chassis\FreeRTOS_Infantry_C_Board_Chassis_CPP-main\User\clamp.cpp': compiler options has been changed.
'e:\Mecanum_Chassis\Mecanum_Chassis\FreeRTOS_Infantry_C_Board_Chassis_CPP-main\User\communication.cpp': compiler options has been changed.
'e:\Mecanum_Chassis\Mecanum_Chassis\FreeRTOS_Infantry_C_Board_Chassis_CPP-main\User\crc.cpp': compiler options has been changed.
'e:\Mecanum_Chassis\Mecanum_Chassis\FreeRTOS_Infantry_C_Board_Chassis_CPP-main\User\dji_motor.cpp': compiler options has been changed.
'e:\Mecanum_Chassis\Mecanum_Chassis\FreeRTOS_Infantry_C_Board_Chassis_CPP-main\User\dr16.cpp': compiler options has been changed.
'e:\Mecanum_Chassis\Mecanum_Chassis\FreeRTOS_Infantry_C_Board_Chassis_CPP-main\User\error_handle.cpp': compiler options has been changed.
'e:\Mecanum_Chassis\Mecanum_Chassis\FreeRTOS_Infantry_C_Board_Chassis_CPP-main\User\init.cpp': compiler options has been changed.
'e:\Mecanum_Chassis\Mecanum_Chassis\FreeRTOS_Infantry_C_Board_Chassis_CPP-main\User\pid.cpp': compiler options has been changed.
'e:\Mecanum_Chassis\Mecanum_Chassis\FreeRTOS_Infantry_C_Board_Chassis_CPP-main\User\power_limit.cpp': compiler options has been changed.
'e:\Mecanum_Chassis\Mecanum_Chassis\FreeRTOS_Infantry_C_Board_Chassis_CPP-main\User\referee.cpp': compiler options has been changed.
'e:\Mecanum_Chassis\Mecanum_Chassis\FreeRTOS_Infantry_C_Board_Chassis_CPP-main\User\simple_math.cpp': compiler options has been changed.
'e:\Mecanum_Chassis\Mecanum_Chassis\FreeRTOS_Infantry_C_Board_Chassis_CPP-main\User\state_machine.cpp': compiler options has been changed.
'e:\Mecanum_Chassis\Mecanum_Chassis\FreeRTOS_Infantry_C_Board_Chassis_CPP-main\User\tracking_differentiator.cpp': compiler options has been changed.
'e:\Mecanum_Chassis\Mecanum_Chassis\FreeRTOS_Infantry_C_Board_Chassis_CPP-main\User\uart.cpp': compiler options has been changed.
'e:\Mecanum_Chassis\Mecanum_Chassis\FreeRTOS_Infantry_C_Board_Chassis_CPP-main\User\ui.cpp': compiler options has been changed.
'e:\Mecanum_Chassis\Mecanum_Chassis\FreeRTOS_Infantry_C_Board_Chassis_CPP-main\User\variables.cpp': compiler options has been changed.

[2025-05-25 20:16:59]	link failed !, exit code: 1
   at unify_builder.Program.Main(String[] args_)
---
Error: L6218E: Undefined symbol arm_cos_f32 (referred from chassis.o).
Error: L6218E: Undefined symbol arm_sin_f32 (referred from chassis.o).
Error: L6218E: Undefined symbol arm_mat_add_f32 (referred from power_limit.o).
Error: L6218E: Undefined symbol arm_mat_init_f32 (referred from power_limit.o).
Error: L6218E: Undefined symbol arm_mat_mult_f32 (referred from power_limit.o).
Error: L6218E: Undefined symbol arm_mat_scale_f32 (referred from power_limit.o).
Error: L6218E: Undefined symbol arm_mat_sub_f32 (referred from power_limit.o).
Error: L6218E: Undefined symbol arm_mat_trans_f32 (referred from power_limit.o).
Not enough information to list image symbols.
Finished: 1 information, 0 warning and 8 error messages.


[2025-05-25 20:17:24]	[info] incremental build: 68 source files changed
These source files will be recompiled
---
'e:\Mecanum_Chassis\Mecanum_Chassis\FreeRTOS_Infantry_C_Board_Chassis_CPP-main\Core\Src\can.c': compiler options has been changed.
'e:\Mecanum_Chassis\Mecanum_Chassis\FreeRTOS_Infantry_C_Board_Chassis_CPP-main\Core\Src\dma.c': compiler options has been changed.
'e:\Mecanum_Chassis\Mecanum_Chassis\FreeRTOS_Infantry_C_Board_Chassis_CPP-main\Core\Src\freertos.c': compiler options has been changed.
'e:\Mecanum_Chassis\Mecanum_Chassis\FreeRTOS_Infantry_C_Board_Chassis_CPP-main\Core\Src\gpio.c': compiler options has been changed.
'e:\Mecanum_Chassis\Mecanum_Chassis\FreeRTOS_Infantry_C_Board_Chassis_CPP-main\Core\Src\main.c': compiler options has been changed.
'e:\Mecanum_Chassis\Mecanum_Chassis\FreeRTOS_Infantry_C_Board_Chassis_CPP-main\Core\Src\stm32f4xx_hal_msp.c': compiler options has been changed.
'e:\Mecanum_Chassis\Mecanum_Chassis\FreeRTOS_Infantry_C_Board_Chassis_CPP-main\Core\Src\stm32f4xx_hal_timebase_tim.c': compiler options has been changed.
'e:\Mecanum_Chassis\Mecanum_Chassis\FreeRTOS_Infantry_C_Board_Chassis_CPP-main\Core\Src\stm32f4xx_it.c': compiler options has been changed.
'e:\Mecanum_Chassis\Mecanum_Chassis\FreeRTOS_Infantry_C_Board_Chassis_CPP-main\Core\Src\system_stm32f4xx.c': compiler options has been changed.
'e:\Mecanum_Chassis\Mecanum_Chassis\FreeRTOS_Infantry_C_Board_Chassis_CPP-main\Core\Src\tim.c': compiler options has been changed.
'e:\Mecanum_Chassis\Mecanum_Chassis\FreeRTOS_Infantry_C_Board_Chassis_CPP-main\Core\Src\usart.c': compiler options has been changed.
'e:\Mecanum_Chassis\Mecanum_Chassis\FreeRTOS_Infantry_C_Board_Chassis_CPP-main\Drivers\STM32F4xx_HAL_Driver\Src\stm32f4xx_hal.c': compiler options has been changed.
'e:\Mecanum_Chassis\Mecanum_Chassis\FreeRTOS_Infantry_C_Board_Chassis_CPP-main\Drivers\STM32F4xx_HAL_Driver\Src\stm32f4xx_hal_can.c': compiler options has been changed.
'e:\Mecanum_Chassis\Mecanum_Chassis\FreeRTOS_Infantry_C_Board_Chassis_CPP-main\Drivers\STM32F4xx_HAL_Driver\Src\stm32f4xx_hal_cortex.c': compiler options has been changed.
'e:\Mecanum_Chassis\Mecanum_Chassis\FreeRTOS_Infantry_C_Board_Chassis_CPP-main\Drivers\STM32F4xx_HAL_Driver\Src\stm32f4xx_hal_dma.c': compiler options has been changed.
'e:\Mecanum_Chassis\Mecanum_Chassis\FreeRTOS_Infantry_C_Board_Chassis_CPP-main\Drivers\STM32F4xx_HAL_Driver\Src\stm32f4xx_hal_dma_ex.c': compiler options has been changed.
'e:\Mecanum_Chassis\Mecanum_Chassis\FreeRTOS_Infantry_C_Board_Chassis_CPP-main\Drivers\STM32F4xx_HAL_Driver\Src\stm32f4xx_hal_exti.c': compiler options has been changed.
'e:\Mecanum_Chassis\Mecanum_Chassis\FreeRTOS_Infantry_C_Board_Chassis_CPP-main\Drivers\STM32F4xx_HAL_Driver\Src\stm32f4xx_hal_flash.c': compiler options has been changed.
'e:\Mecanum_Chassis\Mecanum_Chassis\FreeRTOS_Infantry_C_Board_Chassis_CPP-main\Drivers\STM32F4xx_HAL_Driver\Src\stm32f4xx_hal_flash_ex.c': compiler options has been changed.
'e:\Mecanum_Chassis\Mecanum_Chassis\FreeRTOS_Infantry_C_Board_Chassis_CPP-main\Drivers\STM32F4xx_HAL_Driver\Src\stm32f4xx_hal_flash_ramfunc.c': compiler options has been changed.
'e:\Mecanum_Chassis\Mecanum_Chassis\FreeRTOS_Infantry_C_Board_Chassis_CPP-main\Drivers\STM32F4xx_HAL_Driver\Src\stm32f4xx_hal_gpio.c': compiler options has been changed.
'e:\Mecanum_Chassis\Mecanum_Chassis\FreeRTOS_Infantry_C_Board_Chassis_CPP-main\Drivers\STM32F4xx_HAL_Driver\Src\stm32f4xx_hal_pwr.c': compiler options has been changed.
'e:\Mecanum_Chassis\Mecanum_Chassis\FreeRTOS_Infantry_C_Board_Chassis_CPP-main\Drivers\STM32F4xx_HAL_Driver\Src\stm32f4xx_hal_pwr_ex.c': compiler options has been changed.
'e:\Mecanum_Chassis\Mecanum_Chassis\FreeRTOS_Infantry_C_Board_Chassis_CPP-main\Drivers\STM32F4xx_HAL_Driver\Src\stm32f4xx_hal_rcc.c': compiler options has been changed.
'e:\Mecanum_Chassis\Mecanum_Chassis\FreeRTOS_Infantry_C_Board_Chassis_CPP-main\Drivers\STM32F4xx_HAL_Driver\Src\stm32f4xx_hal_rcc_ex.c': compiler options has been changed.
'e:\Mecanum_Chassis\Mecanum_Chassis\FreeRTOS_Infantry_C_Board_Chassis_CPP-main\Drivers\STM32F4xx_HAL_Driver\Src\stm32f4xx_hal_tim.c': compiler options has been changed.
'e:\Mecanum_Chassis\Mecanum_Chassis\FreeRTOS_Infantry_C_Board_Chassis_CPP-main\Drivers\STM32F4xx_HAL_Driver\Src\stm32f4xx_hal_tim_ex.c': compiler options has been changed.
'e:\Mecanum_Chassis\Mecanum_Chassis\FreeRTOS_Infantry_C_Board_Chassis_CPP-main\Drivers\STM32F4xx_HAL_Driver\Src\stm32f4xx_hal_uart.c': compiler options has been changed.
'e:\Mecanum_Chassis\Mecanum_Chassis\FreeRTOS_Infantry_C_Board_Chassis_CPP-main\MDK-ARM\UI\RM_RefereeSystem.cpp': compiler options has been changed.
'e:\Mecanum_Chassis\Mecanum_Chassis\FreeRTOS_Infantry_C_Board_Chassis_CPP-main\MDK-ARM\UI\RM_RefereeSystemCRC.cpp': compiler options has been changed.
'e:\Mecanum_Chassis\Mecanum_Chassis\FreeRTOS_Infantry_C_Board_Chassis_CPP-main\MDK-ARM\UI\UI_Queue.cpp': compiler options has been changed.
'e:\Mecanum_Chassis\Mecanum_Chassis\FreeRTOS_Infantry_C_Board_Chassis_CPP-main\MDK-ARM\UI\darw_dynamic.cpp': compiler options has been changed.
'e:\Mecanum_Chassis\Mecanum_Chassis\FreeRTOS_Infantry_C_Board_Chassis_CPP-main\MDK-ARM\UI\darw_static.cpp': compiler options has been changed.
'e:\Mecanum_Chassis\Mecanum_Chassis\FreeRTOS_Infantry_C_Board_Chassis_CPP-main\MDK-ARM\startup_stm32f407xx.s': compiler options has been changed.
'e:\Mecanum_Chassis\Mecanum_Chassis\FreeRTOS_Infantry_C_Board_Chassis_CPP-main\Middlewares\Third_Party\FreeRTOS\Source\CMSIS_RTOS_V2\cmsis_os2.c': compiler options has been changed.
'e:\Mecanum_Chassis\Mecanum_Chassis\FreeRTOS_Infantry_C_Board_Chassis_CPP-main\Middlewares\Third_Party\FreeRTOS\Source\croutine.c': compiler options has been changed.
'e:\Mecanum_Chassis\Mecanum_Chassis\FreeRTOS_Infantry_C_Board_Chassis_CPP-main\Middlewares\Third_Party\FreeRTOS\Source\event_groups.c': compiler options has been changed.
'e:\Mecanum_Chassis\Mecanum_Chassis\FreeRTOS_Infantry_C_Board_Chassis_CPP-main\Middlewares\Third_Party\FreeRTOS\Source\list.c': compiler options has been changed.
'e:\Mecanum_Chassis\Mecanum_Chassis\FreeRTOS_Infantry_C_Board_Chassis_CPP-main\Middlewares\Third_Party\FreeRTOS\Source\portable\MemMang\heap_4.c': compiler options has been changed.
'e:\Mecanum_Chassis\Mecanum_Chassis\FreeRTOS_Infantry_C_Board_Chassis_CPP-main\Middlewares\Third_Party\FreeRTOS\Source\portable\RVDS\ARM_CM4F\port.c': compiler options has been changed.
'e:\Mecanum_Chassis\Mecanum_Chassis\FreeRTOS_Infantry_C_Board_Chassis_CPP-main\Middlewares\Third_Party\FreeRTOS\Source\queue.c': compiler options has been changed.
'e:\Mecanum_Chassis\Mecanum_Chassis\FreeRTOS_Infantry_C_Board_Chassis_CPP-main\Middlewares\Third_Party\FreeRTOS\Source\stream_buffer.c': compiler options has been changed.
'e:\Mecanum_Chassis\Mecanum_Chassis\FreeRTOS_Infantry_C_Board_Chassis_CPP-main\Middlewares\Third_Party\FreeRTOS\Source\tasks.c': compiler options has been changed.
'e:\Mecanum_Chassis\Mecanum_Chassis\FreeRTOS_Infantry_C_Board_Chassis_CPP-main\Middlewares\Third_Party\FreeRTOS\Source\timers.c': compiler options has been changed.
'e:\Mecanum_Chassis\Mecanum_Chassis\FreeRTOS_Infantry_C_Board_Chassis_CPP-main\User\Task\capacity_task.cpp': compiler options has been changed.
'e:\Mecanum_Chassis\Mecanum_Chassis\FreeRTOS_Infantry_C_Board_Chassis_CPP-main\User\Task\chassis.cpp': compiler options has been changed.
'e:\Mecanum_Chassis\Mecanum_Chassis\FreeRTOS_Infantry_C_Board_Chassis_CPP-main\User\Task\communication_task.cpp': compiler options has been changed.
'e:\Mecanum_Chassis\Mecanum_Chassis\FreeRTOS_Infantry_C_Board_Chassis_CPP-main\User\Task\error_handle_task.cpp': compiler options has been changed.
'e:\Mecanum_Chassis\Mecanum_Chassis\FreeRTOS_Infantry_C_Board_Chassis_CPP-main\User\Task\referee_detect_task.cpp': compiler options has been changed.
'e:\Mecanum_Chassis\Mecanum_Chassis\FreeRTOS_Infantry_C_Board_Chassis_CPP-main\User\call_back.cpp': compiler options has been changed.
'e:\Mecanum_Chassis\Mecanum_Chassis\FreeRTOS_Infantry_C_Board_Chassis_CPP-main\User\can.cpp': compiler options has been changed.
'e:\Mecanum_Chassis\Mecanum_Chassis\FreeRTOS_Infantry_C_Board_Chassis_CPP-main\User\capacity.cpp': compiler options has been changed.
'e:\Mecanum_Chassis\Mecanum_Chassis\FreeRTOS_Infantry_C_Board_Chassis_CPP-main\User\clamp.cpp': compiler options has been changed.
'e:\Mecanum_Chassis\Mecanum_Chassis\FreeRTOS_Infantry_C_Board_Chassis_CPP-main\User\communication.cpp': compiler options has been changed.
'e:\Mecanum_Chassis\Mecanum_Chassis\FreeRTOS_Infantry_C_Board_Chassis_CPP-main\User\crc.cpp': compiler options has been changed.
'e:\Mecanum_Chassis\Mecanum_Chassis\FreeRTOS_Infantry_C_Board_Chassis_CPP-main\User\dji_motor.cpp': compiler options has been changed.
'e:\Mecanum_Chassis\Mecanum_Chassis\FreeRTOS_Infantry_C_Board_Chassis_CPP-main\User\dr16.cpp': compiler options has been changed.
'e:\Mecanum_Chassis\Mecanum_Chassis\FreeRTOS_Infantry_C_Board_Chassis_CPP-main\User\error_handle.cpp': compiler options has been changed.
'e:\Mecanum_Chassis\Mecanum_Chassis\FreeRTOS_Infantry_C_Board_Chassis_CPP-main\User\init.cpp': compiler options has been changed.
'e:\Mecanum_Chassis\Mecanum_Chassis\FreeRTOS_Infantry_C_Board_Chassis_CPP-main\User\pid.cpp': compiler options has been changed.
'e:\Mecanum_Chassis\Mecanum_Chassis\FreeRTOS_Infantry_C_Board_Chassis_CPP-main\User\power_limit.cpp': compiler options has been changed.
'e:\Mecanum_Chassis\Mecanum_Chassis\FreeRTOS_Infantry_C_Board_Chassis_CPP-main\User\referee.cpp': compiler options has been changed.
'e:\Mecanum_Chassis\Mecanum_Chassis\FreeRTOS_Infantry_C_Board_Chassis_CPP-main\User\simple_math.cpp': compiler options has been changed.
'e:\Mecanum_Chassis\Mecanum_Chassis\FreeRTOS_Infantry_C_Board_Chassis_CPP-main\User\state_machine.cpp': compiler options has been changed.
'e:\Mecanum_Chassis\Mecanum_Chassis\FreeRTOS_Infantry_C_Board_Chassis_CPP-main\User\tracking_differentiator.cpp': compiler options has been changed.
'e:\Mecanum_Chassis\Mecanum_Chassis\FreeRTOS_Infantry_C_Board_Chassis_CPP-main\User\uart.cpp': compiler options has been changed.
'e:\Mecanum_Chassis\Mecanum_Chassis\FreeRTOS_Infantry_C_Board_Chassis_CPP-main\User\ui.cpp': compiler options has been changed.
'e:\Mecanum_Chassis\Mecanum_Chassis\FreeRTOS_Infantry_C_Board_Chassis_CPP-main\User\variables.cpp': compiler options has been changed.

[2025-05-25 20:17:26]	link failed !, exit code: 1
   at unify_builder.Program.Main(String[] args_)
---
Error: L6218E: Undefined symbol arm_cos_f32 (referred from chassis.o).
Error: L6218E: Undefined symbol arm_sin_f32 (referred from chassis.o).
Error: L6218E: Undefined symbol arm_mat_add_f32 (referred from power_limit.o).
Error: L6218E: Undefined symbol arm_mat_init_f32 (referred from power_limit.o).
Error: L6218E: Undefined symbol arm_mat_mult_f32 (referred from power_limit.o).
Error: L6218E: Undefined symbol arm_mat_scale_f32 (referred from power_limit.o).
Error: L6218E: Undefined symbol arm_mat_sub_f32 (referred from power_limit.o).
Error: L6218E: Undefined symbol arm_mat_trans_f32 (referred from power_limit.o).
Not enough information to list image symbols.
Finished: 1 information, 0 warning and 8 error messages.


[2025-05-25 20:17:41]	[info] incremental build: 68 source files changed
These source files will be recompiled
---
'e:\Mecanum_Chassis\Mecanum_Chassis\FreeRTOS_Infantry_C_Board_Chassis_CPP-main\Core\Src\can.c': compiler options has been changed.
'e:\Mecanum_Chassis\Mecanum_Chassis\FreeRTOS_Infantry_C_Board_Chassis_CPP-main\Core\Src\dma.c': compiler options has been changed.
'e:\Mecanum_Chassis\Mecanum_Chassis\FreeRTOS_Infantry_C_Board_Chassis_CPP-main\Core\Src\freertos.c': compiler options has been changed.
'e:\Mecanum_Chassis\Mecanum_Chassis\FreeRTOS_Infantry_C_Board_Chassis_CPP-main\Core\Src\gpio.c': compiler options has been changed.
'e:\Mecanum_Chassis\Mecanum_Chassis\FreeRTOS_Infantry_C_Board_Chassis_CPP-main\Core\Src\main.c': compiler options has been changed.
'e:\Mecanum_Chassis\Mecanum_Chassis\FreeRTOS_Infantry_C_Board_Chassis_CPP-main\Core\Src\stm32f4xx_hal_msp.c': compiler options has been changed.
'e:\Mecanum_Chassis\Mecanum_Chassis\FreeRTOS_Infantry_C_Board_Chassis_CPP-main\Core\Src\stm32f4xx_hal_timebase_tim.c': compiler options has been changed.
'e:\Mecanum_Chassis\Mecanum_Chassis\FreeRTOS_Infantry_C_Board_Chassis_CPP-main\Core\Src\stm32f4xx_it.c': compiler options has been changed.
'e:\Mecanum_Chassis\Mecanum_Chassis\FreeRTOS_Infantry_C_Board_Chassis_CPP-main\Core\Src\system_stm32f4xx.c': compiler options has been changed.
'e:\Mecanum_Chassis\Mecanum_Chassis\FreeRTOS_Infantry_C_Board_Chassis_CPP-main\Core\Src\tim.c': compiler options has been changed.
'e:\Mecanum_Chassis\Mecanum_Chassis\FreeRTOS_Infantry_C_Board_Chassis_CPP-main\Core\Src\usart.c': compiler options has been changed.
'e:\Mecanum_Chassis\Mecanum_Chassis\FreeRTOS_Infantry_C_Board_Chassis_CPP-main\Drivers\STM32F4xx_HAL_Driver\Src\stm32f4xx_hal.c': compiler options has been changed.
'e:\Mecanum_Chassis\Mecanum_Chassis\FreeRTOS_Infantry_C_Board_Chassis_CPP-main\Drivers\STM32F4xx_HAL_Driver\Src\stm32f4xx_hal_can.c': compiler options has been changed.
'e:\Mecanum_Chassis\Mecanum_Chassis\FreeRTOS_Infantry_C_Board_Chassis_CPP-main\Drivers\STM32F4xx_HAL_Driver\Src\stm32f4xx_hal_cortex.c': compiler options has been changed.
'e:\Mecanum_Chassis\Mecanum_Chassis\FreeRTOS_Infantry_C_Board_Chassis_CPP-main\Drivers\STM32F4xx_HAL_Driver\Src\stm32f4xx_hal_dma.c': compiler options has been changed.
'e:\Mecanum_Chassis\Mecanum_Chassis\FreeRTOS_Infantry_C_Board_Chassis_CPP-main\Drivers\STM32F4xx_HAL_Driver\Src\stm32f4xx_hal_dma_ex.c': compiler options has been changed.
'e:\Mecanum_Chassis\Mecanum_Chassis\FreeRTOS_Infantry_C_Board_Chassis_CPP-main\Drivers\STM32F4xx_HAL_Driver\Src\stm32f4xx_hal_exti.c': compiler options has been changed.
'e:\Mecanum_Chassis\Mecanum_Chassis\FreeRTOS_Infantry_C_Board_Chassis_CPP-main\Drivers\STM32F4xx_HAL_Driver\Src\stm32f4xx_hal_flash.c': compiler options has been changed.
'e:\Mecanum_Chassis\Mecanum_Chassis\FreeRTOS_Infantry_C_Board_Chassis_CPP-main\Drivers\STM32F4xx_HAL_Driver\Src\stm32f4xx_hal_flash_ex.c': compiler options has been changed.
'e:\Mecanum_Chassis\Mecanum_Chassis\FreeRTOS_Infantry_C_Board_Chassis_CPP-main\Drivers\STM32F4xx_HAL_Driver\Src\stm32f4xx_hal_flash_ramfunc.c': compiler options has been changed.
'e:\Mecanum_Chassis\Mecanum_Chassis\FreeRTOS_Infantry_C_Board_Chassis_CPP-main\Drivers\STM32F4xx_HAL_Driver\Src\stm32f4xx_hal_gpio.c': compiler options has been changed.
'e:\Mecanum_Chassis\Mecanum_Chassis\FreeRTOS_Infantry_C_Board_Chassis_CPP-main\Drivers\STM32F4xx_HAL_Driver\Src\stm32f4xx_hal_pwr.c': compiler options has been changed.
'e:\Mecanum_Chassis\Mecanum_Chassis\FreeRTOS_Infantry_C_Board_Chassis_CPP-main\Drivers\STM32F4xx_HAL_Driver\Src\stm32f4xx_hal_pwr_ex.c': compiler options has been changed.
'e:\Mecanum_Chassis\Mecanum_Chassis\FreeRTOS_Infantry_C_Board_Chassis_CPP-main\Drivers\STM32F4xx_HAL_Driver\Src\stm32f4xx_hal_rcc.c': compiler options has been changed.
'e:\Mecanum_Chassis\Mecanum_Chassis\FreeRTOS_Infantry_C_Board_Chassis_CPP-main\Drivers\STM32F4xx_HAL_Driver\Src\stm32f4xx_hal_rcc_ex.c': compiler options has been changed.
'e:\Mecanum_Chassis\Mecanum_Chassis\FreeRTOS_Infantry_C_Board_Chassis_CPP-main\Drivers\STM32F4xx_HAL_Driver\Src\stm32f4xx_hal_tim.c': compiler options has been changed.
'e:\Mecanum_Chassis\Mecanum_Chassis\FreeRTOS_Infantry_C_Board_Chassis_CPP-main\Drivers\STM32F4xx_HAL_Driver\Src\stm32f4xx_hal_tim_ex.c': compiler options has been changed.
'e:\Mecanum_Chassis\Mecanum_Chassis\FreeRTOS_Infantry_C_Board_Chassis_CPP-main\Drivers\STM32F4xx_HAL_Driver\Src\stm32f4xx_hal_uart.c': compiler options has been changed.
'e:\Mecanum_Chassis\Mecanum_Chassis\FreeRTOS_Infantry_C_Board_Chassis_CPP-main\MDK-ARM\UI\RM_RefereeSystem.cpp': compiler options has been changed.
'e:\Mecanum_Chassis\Mecanum_Chassis\FreeRTOS_Infantry_C_Board_Chassis_CPP-main\MDK-ARM\UI\RM_RefereeSystemCRC.cpp': compiler options has been changed.
'e:\Mecanum_Chassis\Mecanum_Chassis\FreeRTOS_Infantry_C_Board_Chassis_CPP-main\MDK-ARM\UI\UI_Queue.cpp': compiler options has been changed.
'e:\Mecanum_Chassis\Mecanum_Chassis\FreeRTOS_Infantry_C_Board_Chassis_CPP-main\MDK-ARM\UI\darw_dynamic.cpp': compiler options has been changed.
'e:\Mecanum_Chassis\Mecanum_Chassis\FreeRTOS_Infantry_C_Board_Chassis_CPP-main\MDK-ARM\UI\darw_static.cpp': compiler options has been changed.
'e:\Mecanum_Chassis\Mecanum_Chassis\FreeRTOS_Infantry_C_Board_Chassis_CPP-main\MDK-ARM\startup_stm32f407xx.s': compiler options has been changed.
'e:\Mecanum_Chassis\Mecanum_Chassis\FreeRTOS_Infantry_C_Board_Chassis_CPP-main\Middlewares\Third_Party\FreeRTOS\Source\CMSIS_RTOS_V2\cmsis_os2.c': compiler options has been changed.
'e:\Mecanum_Chassis\Mecanum_Chassis\FreeRTOS_Infantry_C_Board_Chassis_CPP-main\Middlewares\Third_Party\FreeRTOS\Source\croutine.c': compiler options has been changed.
'e:\Mecanum_Chassis\Mecanum_Chassis\FreeRTOS_Infantry_C_Board_Chassis_CPP-main\Middlewares\Third_Party\FreeRTOS\Source\event_groups.c': compiler options has been changed.
'e:\Mecanum_Chassis\Mecanum_Chassis\FreeRTOS_Infantry_C_Board_Chassis_CPP-main\Middlewares\Third_Party\FreeRTOS\Source\list.c': compiler options has been changed.
'e:\Mecanum_Chassis\Mecanum_Chassis\FreeRTOS_Infantry_C_Board_Chassis_CPP-main\Middlewares\Third_Party\FreeRTOS\Source\portable\MemMang\heap_4.c': compiler options has been changed.
'e:\Mecanum_Chassis\Mecanum_Chassis\FreeRTOS_Infantry_C_Board_Chassis_CPP-main\Middlewares\Third_Party\FreeRTOS\Source\portable\RVDS\ARM_CM4F\port.c': compiler options has been changed.
'e:\Mecanum_Chassis\Mecanum_Chassis\FreeRTOS_Infantry_C_Board_Chassis_CPP-main\Middlewares\Third_Party\FreeRTOS\Source\queue.c': compiler options has been changed.
'e:\Mecanum_Chassis\Mecanum_Chassis\FreeRTOS_Infantry_C_Board_Chassis_CPP-main\Middlewares\Third_Party\FreeRTOS\Source\stream_buffer.c': compiler options has been changed.
'e:\Mecanum_Chassis\Mecanum_Chassis\FreeRTOS_Infantry_C_Board_Chassis_CPP-main\Middlewares\Third_Party\FreeRTOS\Source\tasks.c': compiler options has been changed.
'e:\Mecanum_Chassis\Mecanum_Chassis\FreeRTOS_Infantry_C_Board_Chassis_CPP-main\Middlewares\Third_Party\FreeRTOS\Source\timers.c': compiler options has been changed.
'e:\Mecanum_Chassis\Mecanum_Chassis\FreeRTOS_Infantry_C_Board_Chassis_CPP-main\User\Task\capacity_task.cpp': compiler options has been changed.
'e:\Mecanum_Chassis\Mecanum_Chassis\FreeRTOS_Infantry_C_Board_Chassis_CPP-main\User\Task\chassis.cpp': compiler options has been changed.
'e:\Mecanum_Chassis\Mecanum_Chassis\FreeRTOS_Infantry_C_Board_Chassis_CPP-main\User\Task\communication_task.cpp': compiler options has been changed.
'e:\Mecanum_Chassis\Mecanum_Chassis\FreeRTOS_Infantry_C_Board_Chassis_CPP-main\User\Task\error_handle_task.cpp': compiler options has been changed.
'e:\Mecanum_Chassis\Mecanum_Chassis\FreeRTOS_Infantry_C_Board_Chassis_CPP-main\User\Task\referee_detect_task.cpp': compiler options has been changed.
'e:\Mecanum_Chassis\Mecanum_Chassis\FreeRTOS_Infantry_C_Board_Chassis_CPP-main\User\call_back.cpp': compiler options has been changed.
'e:\Mecanum_Chassis\Mecanum_Chassis\FreeRTOS_Infantry_C_Board_Chassis_CPP-main\User\can.cpp': compiler options has been changed.
'e:\Mecanum_Chassis\Mecanum_Chassis\FreeRTOS_Infantry_C_Board_Chassis_CPP-main\User\capacity.cpp': compiler options has been changed.
'e:\Mecanum_Chassis\Mecanum_Chassis\FreeRTOS_Infantry_C_Board_Chassis_CPP-main\User\clamp.cpp': compiler options has been changed.
'e:\Mecanum_Chassis\Mecanum_Chassis\FreeRTOS_Infantry_C_Board_Chassis_CPP-main\User\communication.cpp': compiler options has been changed.
'e:\Mecanum_Chassis\Mecanum_Chassis\FreeRTOS_Infantry_C_Board_Chassis_CPP-main\User\crc.cpp': compiler options has been changed.
'e:\Mecanum_Chassis\Mecanum_Chassis\FreeRTOS_Infantry_C_Board_Chassis_CPP-main\User\dji_motor.cpp': compiler options has been changed.
'e:\Mecanum_Chassis\Mecanum_Chassis\FreeRTOS_Infantry_C_Board_Chassis_CPP-main\User\dr16.cpp': compiler options has been changed.
'e:\Mecanum_Chassis\Mecanum_Chassis\FreeRTOS_Infantry_C_Board_Chassis_CPP-main\User\error_handle.cpp': compiler options has been changed.
'e:\Mecanum_Chassis\Mecanum_Chassis\FreeRTOS_Infantry_C_Board_Chassis_CPP-main\User\init.cpp': compiler options has been changed.
'e:\Mecanum_Chassis\Mecanum_Chassis\FreeRTOS_Infantry_C_Board_Chassis_CPP-main\User\pid.cpp': compiler options has been changed.
'e:\Mecanum_Chassis\Mecanum_Chassis\FreeRTOS_Infantry_C_Board_Chassis_CPP-main\User\power_limit.cpp': compiler options has been changed.
'e:\Mecanum_Chassis\Mecanum_Chassis\FreeRTOS_Infantry_C_Board_Chassis_CPP-main\User\referee.cpp': compiler options has been changed.
'e:\Mecanum_Chassis\Mecanum_Chassis\FreeRTOS_Infantry_C_Board_Chassis_CPP-main\User\simple_math.cpp': compiler options has been changed.
'e:\Mecanum_Chassis\Mecanum_Chassis\FreeRTOS_Infantry_C_Board_Chassis_CPP-main\User\state_machine.cpp': compiler options has been changed.
'e:\Mecanum_Chassis\Mecanum_Chassis\FreeRTOS_Infantry_C_Board_Chassis_CPP-main\User\tracking_differentiator.cpp': compiler options has been changed.
'e:\Mecanum_Chassis\Mecanum_Chassis\FreeRTOS_Infantry_C_Board_Chassis_CPP-main\User\uart.cpp': compiler options has been changed.
'e:\Mecanum_Chassis\Mecanum_Chassis\FreeRTOS_Infantry_C_Board_Chassis_CPP-main\User\ui.cpp': compiler options has been changed.
'e:\Mecanum_Chassis\Mecanum_Chassis\FreeRTOS_Infantry_C_Board_Chassis_CPP-main\User\variables.cpp': compiler options has been changed.

[2025-05-25 20:17:43]	link failed !, exit code: 1
   at unify_builder.Program.Main(String[] args_)
---
Error: L6218E: Undefined symbol arm_cos_f32 (referred from chassis.o).
Error: L6218E: Undefined symbol arm_sin_f32 (referred from chassis.o).
Error: L6218E: Undefined symbol arm_mat_add_f32 (referred from power_limit.o).
Error: L6218E: Undefined symbol arm_mat_init_f32 (referred from power_limit.o).
Error: L6218E: Undefined symbol arm_mat_mult_f32 (referred from power_limit.o).
Error: L6218E: Undefined symbol arm_mat_scale_f32 (referred from power_limit.o).
Error: L6218E: Undefined symbol arm_mat_sub_f32 (referred from power_limit.o).
Error: L6218E: Undefined symbol arm_mat_trans_f32 (referred from power_limit.o).
Not enough information to list image symbols.
Finished: 1 information, 0 warning and 8 error messages.


[2025-05-25 20:17:47]	link failed !, exit code: 1
   at unify_builder.Program.Main(String[] args_)
---
Error: L6218E: Undefined symbol arm_cos_f32 (referred from chassis.o).
Error: L6218E: Undefined symbol arm_sin_f32 (referred from chassis.o).
Error: L6218E: Undefined symbol arm_mat_add_f32 (referred from power_limit.o).
Error: L6218E: Undefined symbol arm_mat_init_f32 (referred from power_limit.o).
Error: L6218E: Undefined symbol arm_mat_mult_f32 (referred from power_limit.o).
Error: L6218E: Undefined symbol arm_mat_scale_f32 (referred from power_limit.o).
Error: L6218E: Undefined symbol arm_mat_sub_f32 (referred from power_limit.o).
Error: L6218E: Undefined symbol arm_mat_trans_f32 (referred from power_limit.o).
Not enough information to list image symbols.
Finished: 1 information, 0 warning and 8 error messages.


