*** Using Compiler 'V6.22', folder: 'F:\keil5\ARM\ARMCLANG\Bin'
Build target 'OmnidirectionalChassis_C_board_2026'
Note: source file '.\User\HighLayer\Capacitor.hpp' - object file renamed from 'OmnidirectionalChassis_C_board_2026\Capacitor.o' to 'OmnidirectionalChassis_C_board_2026\capacitor_1.o'.Note: source file '.\User\HighLayer\chassis.hpp' - object file renamed from 'OmnidirectionalChassis_C_board_2026\chassis.o' to 'OmnidirectionalChassis_C_board_2026\chassis_1.o'.Note: source file '.\User\HighLayer\Communication.hpp' - object file renamed from 'OmnidirectionalChassis_C_board_2026\Communication.o' to 'OmnidirectionalChassis_C_board_2026\communication_1.o'.Note: source file '.\User\HighLayer\Control.hpp' - object file renamed from 'OmnidirectionalChassis_C_board_2026\Control.o' to 'OmnidirectionalChassis_C_board_2026\control_1.o'.Note: source file '.\User\HighLayer\Monitor.hpp' - object file renamed from 'OmnidirectionalChassis_C_board_2026\Monitor.o' to 'OmnidirectionalChassis_C_board_2026\monitor_1.o'.Note: source file '.\User\MidLayer\Algorithms\algorithm\adrc.hpp' - object file renamed from 'OmnidirectionalChassis_C_board_2026\adrc.o' to 'OmnidirectionalChassis_C_board_2026\adrc_1.o'.Note: source file '.\User\MidLayer\Algorithms\algorithm\pid.hpp' - object file renamed from 'OmnidirectionalChassis_C_board_2026\pid.o' to 'OmnidirectionalChassis_C_board_2026\pid_1.o'.Note: source file '.\User\MidLayer\Algorithms\filter\Low-pass filter.hpp' - object file renamed from 'OmnidirectionalChassis_C_board_2026\Low-pass filter.o' to 'OmnidirectionalChassis_C_board_2026\low-pass filter_1.o'.Note: source file '.\User\MidLayer\Algorithms\kinematics\chassis_kinematics.hpp' - object file renamed from 'OmnidirectionalChassis_C_board_2026\chassis_kinematics.o' to 'OmnidirectionalChassis_C_board_2026\chassis_kinematics_1.o'.Note: source file '.\User\MidLayer\Algorithms\odometry\odometry.hpp' - object file renamed from 'OmnidirectionalChassis_C_board_2026\odometry.o' to 'OmnidirectionalChassis_C_board_2026\odometry_1.o'.Note: source file '.\User\MidLayer\Controllers\chassis_control\chassis_control.hpp' - object file renamed from 'OmnidirectionalChassis_C_board_2026\chassis_control.o' to 'OmnidirectionalChassis_C_board_2026\chassis_control_1.o'.Note: source file '.\User\MidLayer\Controllers\signal_processing\target.hpp' - object file renamed from 'OmnidirectionalChassis_C_board_2026\target.o' to 'OmnidirectionalChassis_C_board_2026\target_1.o'.Note: source file '.\User\MidLayer\Managers\comm_manager\Callback.hpp' - object file renamed from 'OmnidirectionalChassis_C_board_2026\Callback.o' to 'OmnidirectionalChassis_C_board_2026\callback_1.o'.Note: source file '.\User\MidLayer\Managers\comm_manager\CtoA.hpp' - object file renamed from 'OmnidirectionalChassis_C_board_2026\CtoA.o' to 'OmnidirectionalChassis_C_board_2026\ctoa_1.o'.Note: source file '.\User\MidLayer\Managers\power_manager\power.hpp' - object file renamed from 'OmnidirectionalChassis_C_board_2026\power.o' to 'OmnidirectionalChassis_C_board_2026\power_1.o'.Note: source file '.\User\MidLayer\Managers\state_manager\state.hpp' - object file renamed from 'OmnidirectionalChassis_C_board_2026\state.o' to 'OmnidirectionalChassis_C_board_2026\state_1.o'.Note: source file '.\User\LowLayer\Equipment\capacitor\Anhe.hpp' - object file renamed from 'OmnidirectionalChassis_C_board_2026\Anhe.o' to 'OmnidirectionalChassis_C_board_2026\anhe_1.o'.Note: source file '.\User\LowLayer\Equipment\capacitor\Developed.hpp' - object file renamed from 'OmnidirectionalChassis_C_board_2026\Developed.o' to 'OmnidirectionalChassis_C_board_2026\developed_1.o'.Note: source file '.\User\LowLayer\Equipment\imu\CH104.hpp' - object file renamed from 'OmnidirectionalChassis_C_board_2026\CH104.o' to 'OmnidirectionalChassis_C_board_2026\ch104_1.o'.Note: source file '.\User\LowLayer\Equipment\imu\HI12.hpp' - object file renamed from 'OmnidirectionalChassis_C_board_2026\HI12.o' to 'OmnidirectionalChassis_C_board_2026\hi12_1.o'.Note: source file '.\User\LowLayer\Equipment\motor\djimotor.hpp' - object file renamed from 'OmnidirectionalChassis_C_board_2026\djimotor.o' to 'OmnidirectionalChassis_C_board_2026\djimotor_1.o'.Note: source file '.\User\LowLayer\Equipment\remote\Dr16.hpp' - object file renamed from 'OmnidirectionalChassis_C_board_2026\Dr16.o' to 'OmnidirectionalChassis_C_board_2026\dr16_1.o'.Note: source file '.\User\LowLayer\HAL_\can\can_driver.hpp' - object file renamed from 'OmnidirectionalChassis_C_board_2026\can_driver.o' to 'OmnidirectionalChassis_C_board_2026\can_driver_1.o'.Note: source file '.\User\LowLayer\HAL_\gpio\gpio_driver.cpp' - object file renamed from 'OmnidirectionalChassis_C_board_2026\gpio_driver.o' to 'OmnidirectionalChassis_C_board_2026\gpio_driver_2.o'.Note: source file '.\User\LowLayer\HAL_\gpio\gpio_driver.hpp' - object file renamed from 'OmnidirectionalChassis_C_board_2026\gpio_driver.o' to 'OmnidirectionalChassis_C_board_2026\gpio_driver_1.o'.Note: source file '.\User\LowLayer\HAL_\pwm\pwm_driver.hpp' - object file renamed from 'OmnidirectionalChassis_C_board_2026\pwm_driver.o' to 'OmnidirectionalChassis_C_board_2026\pwm_driver_1.o'.Note: source file '.\User\LowLayer\HAL_\uart\uart_driver.hpp' - object file renamed from 'OmnidirectionalChassis_C_board_2026\uart_driver.o' to 'OmnidirectionalChassis_C_board_2026\uart_driver_1.o'.User/LowLayer/Equipment/motor/motor_base.hpp(47): error: initializer 'is_Online' does not name a non-static data member or base class; did you mean the member 'isOnline'?
   47 |                     is_Online(false), target(0.0f) {}
      |                     ^~~~~~~~~
      |                     isOnline
User/LowLayer/Equipment/motor/motor_base.hpp(37): note: 'isOnline' declared here
   37 |                 bool isOnline;
      |                      ^
1 error generated.
compiling motor_base.hpp...
User/LowLayer/Equipment/motor/djimotor.cpp(1): warning: In file included from...User/LowLayer/Equipment/motor\djimotor.hpp(4): warning: In file included from..../User\../User/LowLayer/Equipment/motor/motor_base.hpp(47): error: initializer 'is_Online' does not name a non-static data member or base class; did you mean the member 'isOnline'?
   47 |                     is_Online(false), target(0.0f) {}
      |                     ^~~~~~~~~
      |                     isOnline
./User\../User/LowLayer/Equipment/motor/motor_base.hpp(37): note: 'isOnline' declared here
   37 |                 bool isOnline;
      |                      ^
User/LowLayer/Equipment/motor/djimotor.cpp(1): warning: In file included from...User/LowLayer/Equipment/motor\djimotor.hpp(159): error: expected ';' at end of declaration list
  159 |             uint16_t init_id
      |                             ^
      |                             ;
User/LowLayer/Equipment/motor\djimotor.hpp(55): error: use of undeclared identifier 'can_'
   55 |                 can_ = nullptr; // <B1><A3><B4><E6>CANʵ<C0><FD><D2><FD><D3><C3>
      |                 ^
User/LowLayer/Equipment/motor\djimotor.hpp(94): error: use of undeclared identifier 'can_'
   94 |                 if(can_) return can_->Send(frame);
      |                    ^
User/LowLayer/Equipment/motor\djimotor.hpp(94): error: use of undeclared identifier 'can_'
   94 |                 if(can_) return can_->Send(frame);
      |                                 ^
User/LowLayer/Equipment/motor\djimotor.hpp(108): error: use of undeclared identifier 'can_'; did you mean 'can'?
  108 |             void SetCan(CanDriver::CanHal* can){can_ = can;}
      |                                                 ^~~~
      |                                                 can
User/LowLayer/Equipment/motor\djimotor.hpp(108): note: 'can' declared here
  108 |             void SetCan(CanDriver::CanHal* can){can_ = can;}
      |                                            ^
User/LowLayer/Equipment/motor\djimotor.hpp(138): error: member reference type 'Coefficient *' is a pointer; did you mean to use '->'?
  138 |                 this->encoderdata[i].angle_deg   = this->encoderdata[i].ref_angle * CoefficientData.encoder_to_deg;
      |                                                                                     ~~~~~~~~~~~~~~~^
      |                                                                                                    ->
User/LowLayer/Equipment/motor\djimotor.hpp(139): error: member reference type 'Coefficient *' is a pointer; did you mean to use '->'?
  139 |                 this->encoderdata[i].angle_rad   = this->encoderdata[i].angle_deg * CoefficientData.deg_to_rad;
      |                                                                                     ~~~~~~~~~~~~~~~^
      |                                                                                                    ->
User/LowLayer/Equipment/motor\djimotor.hpp(140): error: member reference type 'Coefficient *' is a pointer; did you mean to use '->'?
  140 |                 this->encoderdata[i].speed_rpm   = this->encoderdata[i].ref_speed * CoefficientData.encoder_to_rpm;
      |                                                                                     ~~~~~~~~~~~~~~~^
      |                                                                                                    ->
User/LowLayer/Equipment/motor\djimotor.hpp(141): error: member reference type 'Coefficient *' is a pointer; did you mean to use '->'?
  141 |                 this->encoderdata[i].speed_rad_s = this->encoderdata[i].speed_rpm * CoefficientData.rpm_to_radps;
      |                                                                                     ~~~~~~~~~~~~~~~^
      |                                                                                                    ->
User/LowLayer/Equipment/motor\djimotor.hpp(142): error: member reference type 'Coefficient *' is a pointer; did you mean to use '->'?
  142 |                 this->encoderdata[i].torque_Nm   = this->encoderdata[i].ref_torqueCurrent * CoefficientData.current_to_torque_coefficient;
      |                                                                                             ~~~~~~~~~~~~~~~^
      |                                                                                                            ->
User/LowLayer/Equipment/motor\djimotor.hpp(143): error: member reference type 'Coefficient *' is a pointer; did you mean to use '->'?
  143 |                 this->encoderdata[i].current_A   = this->encoderdata[i].ref_torqueCurrent * CoefficientData.feedback_to_current_coefficient;
      |                                                                                             ~~~~~~~~~~~~~~~^
      |                                                                                                            ->
User/LowLayer/Equipment/motor\djimotor.hpp(169): error: no matching constructor for initialization of 'Coefficient'
  169 |                         new Coefficient(36.0, 0.18 / 36.0, 16384, 10, 8192))
      |                             ^           ~~~~~~~~~~~~~~~~~~~~~~~~~~~~~~~~~~
User/LowLayer/Equipment/motor\djimotor.hpp(29): note: candidate constructor not viable: requires 6 arguments, but 5 were provided
   29 |         Coefficient (double rr, double tc, double fmc, double mc, double er, double ma)
      |         ^            ~~~~~~~~~~~~~~~~~~~~~~~~~~~~~~~~~~~~~~~~~~~~~~~~~~~~~~~~~~~~~~~~~
User/LowLayer/Equipment/motor\djimotor.hpp(8): note: candidate constructor (the implicit copy constructor) not viable: requires 1 argument, but 5 were provided
    8 |     struct Coefficient
      |            ^~~~~~~~~~~
User/LowLayer/Equipment/motor\djimotor.hpp(8): note: candidate constructor (the implicit move constructor) not viable: requires 1 argument, but 5 were provided
    8 |     struct Coefficient
      |            ^~~~~~~~~~~
User/LowLayer/Equipment/motor\djimotor.hpp(183): error: no matching constructor for initialization of 'Coefficient'
  183 |                         new Coefficient(1.0, 0.3 / 1.0, 16384, 20, 8192))
      |                             ^           ~~~~~~~~~~~~~~~~~~~~~~~~~~~~~~~
User/LowLayer/Equipment/motor\djimotor.hpp(29): note: candidate constructor not viable: requires 6 arguments, but 5 were provided
   29 |         Coefficient (double rr, double tc, double fmc, double mc, double er, double ma)
      |         ^            ~~~~~~~~~~~~~~~~~~~~~~~~~~~~~~~~~~~~~~~~~~~~~~~~~~~~~~~~~~~~~~~~~
User/LowLayer/Equipment/motor\djimotor.hpp(8): note: candidate constructor (the implicit copy constructor) not viable: requires 1 argument, but 5 were provided
    8 |     struct Coefficient
      |            ^~~~~~~~~~~
User/LowLayer/Equipment/motor\djimotor.hpp(8): note: candidate constructor (the implicit move constructor) not viable: requires 1 argument, but 5 were provided
    8 |     struct Coefficient
      |            ^~~~~~~~~~~
User/LowLayer/Equipment/motor\djimotor.hpp(197): error: no matching constructor for initialization of 'Coefficient'
  197 |                         new Coefficient(1.0, 0.7 * 1.0, 16384, 3, 8192))
      |                             ^           ~~~~~~~~~~~~~~~~~~~~~~~~~~~~~~
User/LowLayer/Equipment/motor\djimotor.hpp(29): note: candidate constructor not viable: requires 6 arguments, but 5 were provided
   29 |         Coefficient (double rr, double tc, double fmc, double mc, double er, double ma)
      |         ^            ~~~~~~~~~~~~~~~~~~~~~~~~~~~~~~~~~~~~~~~~~~~~~~~~~~~~~~~~~~~~~~~~~
User/LowLayer/Equipment/motor\djimotor.hpp(8): note: candidate constructor (the implicit copy constructor) not viable: requires 1 argument, but 5 were provided
    8 |     struct Coefficient
      |            ^~~~~~~~~~~
User/LowLayer/Equipment/motor\djimotor.hpp(8): note: candidate constructor (the implicit move constructor) not viable: requires 1 argument, but 5 were provided
    8 |     struct Coefficient
      |            ^~~~~~~~~~~
15 errors generated.
compiling djimotor.cpp...
User/LowLayer/HAL_/can/can_driver.cpp(15): error: no member named 'make_unique' in namespace 'std'
   15 |                 can1HAL = std::make_unique<STM32CANHal>();
      |                           ~~~~~^
User/LowLayer/HAL_/can/can_driver.cpp(15): error: 'STM32CANHal' does not refer to a value
   15 |                 can1HAL = std::make_unique<STM32CANHal>();
      |                                            ^
User/LowLayer/HAL_/can\can_driver.hpp(37): note: declared here
   37 |     class STM32CANHal : public CanHal
      |           ^
User/LowLayer/HAL_/can/can_driver.cpp(15): error: expected expression
   15 |                 can1HAL = std::make_unique<STM32CANHal>();
      |                                                         ^
User/LowLayer/HAL_/can/can_driver.cpp(23): error: no member named 'make_unique' in namespace 'std'
   23 |                 can2HAL = std::make_unique<STM32CANHal>();
      |                           ~~~~~^
User/LowLayer/HAL_/can/can_driver.cpp(23): error: 'STM32CANHal' does not refer to a value
   23 |                 can2HAL = std::make_unique<STM32CANHal>();
      |                                            ^
User/LowLayer/HAL_/can\can_driver.hpp(37): note: declared here
   37 |     class STM32CANHal : public CanHal
      |           ^
User/LowLayer/HAL_/can/can_driver.cpp(23): error: expected expression
   23 |                 can2HAL = std::make_unique<STM32CANHal>();
      |                                                         ^
6 errors generated.
compiling can_driver.cpp...
User/MidLayer/Managers/state_manager/state.cpp(2): warning: In file included from..../User\../User/LowLayer/Equipment/motor/djimotor.hpp(4): warning: In file included from..../User\../User/LowLayer/Equipment/motor/motor_base.hpp(47): error: initializer 'is_Online' does not name a non-static data member or base class; did you mean the member 'isOnline'?
   47 |                     is_Online(false), target(0.0f) {}
      |                     ^~~~~~~~~
      |                     isOnline
./User\../User/LowLayer/Equipment/motor/motor_base.hpp(37): note: 'isOnline' declared here
   37 |                 bool isOnline;
      |                      ^
User/MidLayer/Managers/state_manager/state.cpp(2): warning: In file included from..../User\../User/LowLayer/Equipment/motor/djimotor.hpp(159): error: expected ';' at end of declaration list
  159 |             uint16_t init_id
      |                             ^
      |                             ;
./User\../User/LowLayer/Equipment/motor/djimotor.hpp(55): error: use of undeclared identifier 'can_'
   55 |                 can_ = nullptr; // <B1><A3><B4><E6>CANʵ<C0><FD><D2><FD><D3><C3>
      |                 ^
./User\../User/LowLayer/Equipment/motor/djimotor.hpp(94): error: use of undeclared identifier 'can_'
   94 |                 if(can_) return can_->Send(frame);
      |                    ^
./User\../User/LowLayer/Equipment/motor/djimotor.hpp(94): error: use of undeclared identifier 'can_'
   94 |                 if(can_) return can_->Send(frame);
      |                                 ^
./User\../User/LowLayer/Equipment/motor/djimotor.hpp(108): error: use of undeclared identifier 'can_'; did you mean 'can'?
  108 |             void SetCan(CanDriver::CanHal* can){can_ = can;}
      |                                                 ^~~~
      |                                                 can
./User\../User/LowLayer/Equipment/motor/djimotor.hpp(108): note: 'can' declared here
  108 |             void SetCan(CanDriver::CanHal* can){can_ = can;}
      |                                            ^
./User\../User/LowLayer/Equipment/motor/djimotor.hpp(138): error: member reference type 'Coefficient *' is a pointer; did you mean to use '->'?
  138 |                 this->encoderdata[i].angle_deg   = this->encoderdata[i].ref_angle * CoefficientData.encoder_to_deg;
      |                                                                                     ~~~~~~~~~~~~~~~^
      |                                                                                                    ->
./User\../User/LowLayer/Equipment/motor/djimotor.hpp(139): error: member reference type 'Coefficient *' is a pointer; did you mean to use '->'?
  139 |                 this->encoderdata[i].angle_rad   = this->encoderdata[i].angle_deg * CoefficientData.deg_to_rad;
      |                                                                                     ~~~~~~~~~~~~~~~^
      |                                                                                                    ->
./User\../User/LowLayer/Equipment/motor/djimotor.hpp(140): error: member reference type 'Coefficient *' is a pointer; did you mean to use '->'?
  140 |                 this->encoderdata[i].speed_rpm   = this->encoderdata[i].ref_speed * CoefficientData.encoder_to_rpm;
      |                                                                                     ~~~~~~~~~~~~~~~^
      |                                                                                                    ->
./User\../User/LowLayer/Equipment/motor/djimotor.hpp(141): error: member reference type 'Coefficient *' is a pointer; did you mean to use '->'?
  141 |                 this->encoderdata[i].speed_rad_s = this->encoderdata[i].speed_rpm * CoefficientData.rpm_to_radps;
      |                                                                                     ~~~~~~~~~~~~~~~^
      |                                                                                                    ->
./User\../User/LowLayer/Equipment/motor/djimotor.hpp(142): error: member reference type 'Coefficient *' is a pointer; did you mean to use '->'?
  142 |                 this->encoderdata[i].torque_Nm   = this->encoderdata[i].ref_torqueCurrent * CoefficientData.current_to_torque_coefficient;
      |                                                                                             ~~~~~~~~~~~~~~~^
      |                                                                                                            ->
./User\../User/LowLayer/Equipment/motor/djimotor.hpp(143): error: member reference type 'Coefficient *' is a pointer; did you mean to use '->'?
  143 |                 this->encoderdata[i].current_A   = this->encoderdata[i].ref_torqueCurrent * CoefficientData.feedback_to_current_coefficient;
      |                                                                                             ~~~~~~~~~~~~~~~^
      |                                                                                                            ->
./User\../User/LowLayer/Equipment/motor/djimotor.hpp(169): error: no matching constructor for initialization of 'Coefficient'
  169 |                         new Coefficient(36.0, 0.18 / 36.0, 16384, 10, 8192))
      |                             ^           ~~~~~~~~~~~~~~~~~~~~~~~~~~~~~~~~~~
./User\../User/LowLayer/Equipment/motor/djimotor.hpp(29): note: candidate constructor not viable: requires 6 arguments, but 5 were provided
   29 |         Coefficient (double rr, double tc, double fmc, double mc, double er, double ma)
      |         ^            ~~~~~~~~~~~~~~~~~~~~~~~~~~~~~~~~~~~~~~~~~~~~~~~~~~~~~~~~~~~~~~~~~
./User\../User/LowLayer/Equipment/motor/djimotor.hpp(8): note: candidate constructor (the implicit copy constructor) not viable: requires 1 argument, but 5 were provided
    8 |     struct Coefficient
      |            ^~~~~~~~~~~
./User\../User/LowLayer/Equipment/motor/djimotor.hpp(8): note: candidate constructor (the implicit move constructor) not viable: requires 1 argument, but 5 were provided
    8 |     struct Coefficient
      |            ^~~~~~~~~~~
./User\../User/LowLayer/Equipment/motor/djimotor.hpp(183): error: no matching constructor for initialization of 'Coefficient'
  183 |                         new Coefficient(1.0, 0.3 / 1.0, 16384, 20, 8192))
      |                             ^           ~~~~~~~~~~~~~~~~~~~~~~~~~~~~~~~
./User\../User/LowLayer/Equipment/motor/djimotor.hpp(29): note: candidate constructor not viable: requires 6 arguments, but 5 were provided
   29 |         Coefficient (double rr, double tc, double fmc, double mc, double er, double ma)
      |         ^            ~~~~~~~~~~~~~~~~~~~~~~~~~~~~~~~~~~~~~~~~~~~~~~~~~~~~~~~~~~~~~~~~~
./User\../User/LowLayer/Equipment/motor/djimotor.hpp(8): note: candidate constructor (the implicit copy constructor) not viable: requires 1 argument, but 5 were provided
    8 |     struct Coefficient
      |            ^~~~~~~~~~~
./User\../User/LowLayer/Equipment/motor/djimotor.hpp(8): note: candidate constructor (the implicit move constructor) not viable: requires 1 argument, but 5 were provided
    8 |     struct Coefficient
      |            ^~~~~~~~~~~
./User\../User/LowLayer/Equipment/motor/djimotor.hpp(197): error: no matching constructor for initialization of 'Coefficient'
  197 |                         new Coefficient(1.0, 0.7 * 1.0, 16384, 3, 8192))
      |                             ^           ~~~~~~~~~~~~~~~~~~~~~~~~~~~~~~
./User\../User/LowLayer/Equipment/motor/djimotor.hpp(29): note: candidate constructor not viable: requires 6 arguments, but 5 were provided
   29 |         Coefficient (double rr, double tc, double fmc, double mc, double er, double ma)
      |         ^            ~~~~~~~~~~~~~~~~~~~~~~~~~~~~~~~~~~~~~~~~~~~~~~~~~~~~~~~~~~~~~~~~~
./User\../User/LowLayer/Equipment/motor/djimotor.hpp(8): note: candidate constructor (the implicit copy constructor) not viable: requires 1 argument, but 5 were provided
    8 |     struct Coefficient
      |            ^~~~~~~~~~~
./User\../User/LowLayer/Equipment/motor/djimotor.hpp(8): note: candidate constructor (the implicit move constructor) not viable: requires 1 argument, but 5 were provided
    8 |     struct Coefficient
      |            ^~~~~~~~~~~
User/MidLayer/Managers/state_manager/state.cpp(43): error: cannot initialize object parameter of type 'const motor::MotorBase<'\x04'>' with an expression of type 'motor::GM3508<4>'
   43 |     for(int i = 0; i < Motor3508.GetMotorCount(); i++)
      |                        ^~~~~~~~~
User/MidLayer/Managers/state_manager/state.cpp(45): error: cannot initialize object parameter of type 'const motor::MotorBase<'\x04'>' with an expression of type 'motor::GM3508<4>'
   45 |         if(!Motor3508.IsMotorOnline(i))  // ʹ<D3>ù<AB><B9><B2><B7><BD><B7><A8><BC><EC><B2><E9><D4><DA><CF><DF>״̬
      |             ^~~~~~~~~
17 errors generated.
compiling state.cpp...
User/LowLayer/Equipment/motor/djimotor.hpp(4): warning: In file included from..../User\../User/LowLayer/Equipment/motor/motor_base.hpp(47): error: initializer 'is_Online' does not name a non-static data member or base class; did you mean the member 'isOnline'?
   47 |                     is_Online(false), target(0.0f) {}
      |                     ^~~~~~~~~
      |                     isOnline
./User\../User/LowLayer/Equipment/motor/motor_base.hpp(37): note: 'isOnline' declared here
   37 |                 bool isOnline;
      |                      ^
User/LowLayer/Equipment/motor/djimotor.hpp(159): error: expected ';' at end of declaration list
  159 |             uint16_t init_id
      |                             ^
      |                             ;
User/LowLayer/Equipment/motor/djimotor.hpp(55): error: use of undeclared identifier 'can_'
   55 |                 can_ = nullptr; // <B1><A3><B4><E6>CANʵ<C0><FD><D2><FD><D3><C3>
      |                 ^
User/LowLayer/Equipment/motor/djimotor.hpp(94): error: use of undeclared identifier 'can_'
   94 |                 if(can_) return can_->Send(frame);
      |                    ^
User/LowLayer/Equipment/motor/djimotor.hpp(94): error: use of undeclared identifier 'can_'
   94 |                 if(can_) return can_->Send(frame);
      |                                 ^
User/LowLayer/Equipment/motor/djimotor.hpp(108): error: use of undeclared identifier 'can_'; did you mean 'can'?
  108 |             void SetCan(CanDriver::CanHal* can){can_ = can;}
      |                                                 ^~~~
      |                                                 can
User/LowLayer/Equipment/motor/djimotor.hpp(108): note: 'can' declared here
  108 |             void SetCan(CanDriver::CanHal* can){can_ = can;}
      |                                            ^
User/LowLayer/Equipment/motor/djimotor.hpp(138): error: member reference type 'Coefficient *' is a pointer; did you mean to use '->'?
  138 |                 this->encoderdata[i].angle_deg   = this->encoderdata[i].ref_angle * CoefficientData.encoder_to_deg;
      |                                                                                     ~~~~~~~~~~~~~~~^
      |                                                                                                    ->
User/LowLayer/Equipment/motor/djimotor.hpp(139): error: member reference type 'Coefficient *' is a pointer; did you mean to use '->'?
  139 |                 this->encoderdata[i].angle_rad   = this->encoderdata[i].angle_deg * CoefficientData.deg_to_rad;
      |                                                                                     ~~~~~~~~~~~~~~~^
      |                                                                                                    ->
User/LowLayer/Equipment/motor/djimotor.hpp(140): error: member reference type 'Coefficient *' is a pointer; did you mean to use '->'?
  140 |                 this->encoderdata[i].speed_rpm   = this->encoderdata[i].ref_speed * CoefficientData.encoder_to_rpm;
      |                                                                                     ~~~~~~~~~~~~~~~^
      |                                                                                                    ->
User/LowLayer/Equipment/motor/djimotor.hpp(141): error: member reference type 'Coefficient *' is a pointer; did you mean to use '->'?
  141 |                 this->encoderdata[i].speed_rad_s = this->encoderdata[i].speed_rpm * CoefficientData.rpm_to_radps;
      |                                                                                     ~~~~~~~~~~~~~~~^
      |                                                                                                    ->
User/LowLayer/Equipment/motor/djimotor.hpp(142): error: member reference type 'Coefficient *' is a pointer; did you mean to use '->'?
  142 |                 this->encoderdata[i].torque_Nm   = this->encoderdata[i].ref_torqueCurrent * CoefficientData.current_to_torque_coefficient;
      |                                                                                             ~~~~~~~~~~~~~~~^
      |                                                                                                            ->
User/LowLayer/Equipment/motor/djimotor.hpp(143): error: member reference type 'Coefficient *' is a pointer; did you mean to use '->'?
  143 |                 this->encoderdata[i].current_A   = this->encoderdata[i].ref_torqueCurrent * CoefficientData.feedback_to_current_coefficient;
      |                                                                                             ~~~~~~~~~~~~~~~^
      |                                                                                                            ->
User/LowLayer/Equipment/motor/djimotor.hpp(169): error: no matching constructor for initialization of 'Coefficient'
  169 |                         new Coefficient(36.0, 0.18 / 36.0, 16384, 10, 8192))
      |                             ^           ~~~~~~~~~~~~~~~~~~~~~~~~~~~~~~~~~~
User/LowLayer/Equipment/motor/djimotor.hpp(29): note: candidate constructor not viable: requires 6 arguments, but 5 were provided
   29 |         Coefficient (double rr, double tc, double fmc, double mc, double er, double ma)
      |         ^            ~~~~~~~~~~~~~~~~~~~~~~~~~~~~~~~~~~~~~~~~~~~~~~~~~~~~~~~~~~~~~~~~~
User/LowLayer/Equipment/motor/djimotor.hpp(8): note: candidate constructor (the implicit copy constructor) not viable: requires 1 argument, but 5 were provided
    8 |     struct Coefficient
      |            ^~~~~~~~~~~
User/LowLayer/Equipment/motor/djimotor.hpp(8): note: candidate constructor (the implicit move constructor) not viable: requires 1 argument, but 5 were provided
    8 |     struct Coefficient
      |            ^~~~~~~~~~~
User/LowLayer/Equipment/motor/djimotor.hpp(183): error: no matching constructor for initialization of 'Coefficient'
  183 |                         new Coefficient(1.0, 0.3 / 1.0, 16384, 20, 8192))
      |                             ^           ~~~~~~~~~~~~~~~~~~~~~~~~~~~~~~~
User/LowLayer/Equipment/motor/djimotor.hpp(29): note: candidate constructor not viable: requires 6 arguments, but 5 were provided
   29 |         Coefficient (double rr, double tc, double fmc, double mc, double er, double ma)
      |         ^            ~~~~~~~~~~~~~~~~~~~~~~~~~~~~~~~~~~~~~~~~~~~~~~~~~~~~~~~~~~~~~~~~~
User/LowLayer/Equipment/motor/djimotor.hpp(8): note: candidate constructor (the implicit copy constructor) not viable: requires 1 argument, but 5 were provided
    8 |     struct Coefficient
      |            ^~~~~~~~~~~
User/LowLayer/Equipment/motor/djimotor.hpp(8): note: candidate constructor (the implicit move constructor) not viable: requires 1 argument, but 5 were provided
    8 |     struct Coefficient
      |            ^~~~~~~~~~~
User/LowLayer/Equipment/motor/djimotor.hpp(197): error: no matching constructor for initialization of 'Coefficient'
  197 |                         new Coefficient(1.0, 0.7 * 1.0, 16384, 3, 8192))
      |                             ^           ~~~~~~~~~~~~~~~~~~~~~~~~~~~~~~
User/LowLayer/Equipment/motor/djimotor.hpp(29): note: candidate constructor not viable: requires 6 arguments, but 5 were provided
   29 |         Coefficient (double rr, double tc, double fmc, double mc, double er, double ma)
      |         ^            ~~~~~~~~~~~~~~~~~~~~~~~~~~~~~~~~~~~~~~~~~~~~~~~~~~~~~~~~~~~~~~~~~
User/LowLayer/Equipment/motor/djimotor.hpp(8): note: candidate constructor (the implicit copy constructor) not viable: requires 1 argument, but 5 were provided
    8 |     struct Coefficient
      |            ^~~~~~~~~~~
User/LowLayer/Equipment/motor/djimotor.hpp(8): note: candidate constructor (the implicit move constructor) not viable: requires 1 argument, but 5 were provided
    8 |     struct Coefficient
      |            ^~~~~~~~~~~
15 errors generated.
compiling djimotor.hpp...
"OmnidirectionalChassis_C_board_2026\OmnidirectionalChassis_C_board_2026.axf" - 54 Error(s), 0 Warning(s).
Target not created.
Build Time Elapsed:  00:00:02
